This is pdfTeX, Version 3.141592653-2.6-1.40.26 (TeX Live 2024) (preloaded format=pdflatex 2024.11.15)  20 JAN 2025 20:30
entering extended mode
 restricted \write18 enabled.
 %&-line parsing enabled.
**CT4H_lecture_notes.tex
(./CT4H_lecture_notes.tex
LaTeX2e <2024-11-01>
L3 programming layer <2024-11-02>
(/Users/rachelo/Library/TinyTeX/texmf-dist/tex/latex/base/book.cls
Document Class: book 2024/06/29 v1.4n Standard LaTeX document class
(/Users/rachelo/Library/TinyTeX/texmf-dist/tex/latex/base/bk10.clo
File: bk10.clo 2024/06/29 v1.4n Standard LaTeX file (size option)
)
\c@part=\count196
\c@chapter=\count197
\c@section=\count198
\c@subsection=\count199
\c@subsubsection=\count266
\c@paragraph=\count267
\c@subparagraph=\count268
\c@figure=\count269
\c@table=\count270
\abovecaptionskip=\skip49
\belowcaptionskip=\skip50
\bibindent=\dimen141
) (/Users/rachelo/Library/TinyTeX/texmf-dist/tex/latex/amsmath/amsmath.sty
Package: amsmath 2024/11/05 v2.17t AMS math features
\@mathmargin=\skip51
For additional information on amsmath, use the `?' option.
(/Users/rachelo/Library/TinyTeX/texmf-dist/tex/latex/amsmath/amstext.sty
Package: amstext 2021/08/26 v2.01 AMS text
(/Users/rachelo/Library/TinyTeX/texmf-dist/tex/latex/amsmath/amsgen.sty
File: amsgen.sty 1999/11/30 v2.0 generic functions
\@emptytoks=\toks17
\ex@=\dimen142
)) (/Users/rachelo/Library/TinyTeX/texmf-dist/tex/latex/amsmath/amsbsy.sty
Package: amsbsy 1999/11/29 v1.2d Bold Symbols
\pmbraise@=\dimen143
) (/Users/rachelo/Library/TinyTeX/texmf-dist/tex/latex/amsmath/amsopn.sty
Package: amsopn 2022/04/08 v2.04 operator names
)
\inf@bad=\count271
LaTeX Info: Redefining \frac on input line 233.
\uproot@=\count272
\leftroot@=\count273
LaTeX Info: Redefining \overline on input line 398.
LaTeX Info: Redefining \colon on input line 409.
\classnum@=\count274
\DOTSCASE@=\count275
LaTeX Info: Redefining \ldots on input line 495.
LaTeX Info: Redefining \dots on input line 498.
LaTeX Info: Redefining \cdots on input line 619.
\Mathstrutbox@=\box52
\strutbox@=\box53
LaTeX Info: Redefining \big on input line 721.
LaTeX Info: Redefining \Big on input line 722.
LaTeX Info: Redefining \bigg on input line 723.
LaTeX Info: Redefining \Bigg on input line 724.
\big@size=\dimen144
LaTeX Font Info:    Redeclaring font encoding OML on input line 742.
LaTeX Font Info:    Redeclaring font encoding OMS on input line 743.
\macc@depth=\count276
LaTeX Info: Redefining \bmod on input line 904.
LaTeX Info: Redefining \pmod on input line 909.
LaTeX Info: Redefining \smash on input line 939.
LaTeX Info: Redefining \relbar on input line 969.
LaTeX Info: Redefining \Relbar on input line 970.
\c@MaxMatrixCols=\count277
\dotsspace@=\muskip17
\c@parentequation=\count278
\dspbrk@lvl=\count279
\tag@help=\toks18
\row@=\count280
\column@=\count281
\maxfields@=\count282
\andhelp@=\toks19
\eqnshift@=\dimen145
\alignsep@=\dimen146
\tagshift@=\dimen147
\tagwidth@=\dimen148
\totwidth@=\dimen149
\lineht@=\dimen150
\@envbody=\toks20
\multlinegap=\skip52
\multlinetaggap=\skip53
\mathdisplay@stack=\toks21
LaTeX Info: Redefining \[ on input line 2953.
LaTeX Info: Redefining \] on input line 2954.
) (/Users/rachelo/Library/TinyTeX/texmf-dist/tex/latex/amsfonts/amssymb.sty
Package: amssymb 2013/01/14 v3.01 AMS font symbols
(/Users/rachelo/Library/TinyTeX/texmf-dist/tex/latex/amsfonts/amsfonts.sty
Package: amsfonts 2013/01/14 v3.01 Basic AMSFonts support
\symAMSa=\mathgroup4
\symAMSb=\mathgroup5
LaTeX Font Info:    Redeclaring math symbol \hbar on input line 98.
LaTeX Font Info:    Overwriting math alphabet `\mathfrak' in version `bold'
(Font)                  U/euf/m/n --> U/euf/b/n on input line 106.
)) (/Users/rachelo/Library/TinyTeX/texmf-dist/tex/generic/iftex/iftex.sty
Package: iftex 2022/02/03 v1.0f TeX engine tests
) (/Users/rachelo/Library/TinyTeX/texmf-dist/tex/latex/base/fontenc.sty
Package: fontenc 2021/04/29 v2.0v Standard LaTeX package
) (/Users/rachelo/Library/TinyTeX/texmf-dist/tex/latex/base/inputenc.sty
Package: inputenc 2024/02/08 v1.3d Input encoding file
\inpenc@prehook=\toks22
\inpenc@posthook=\toks23
) (/Users/rachelo/Library/TinyTeX/texmf-dist/tex/latex/base/textcomp.sty
Package: textcomp 2024/04/24 v2.1b Standard LaTeX package
) (/Users/rachelo/Library/TinyTeX/texmf-dist/tex/latex/lm/lmodern.sty
Package: lmodern 2015/05/01 v1.6.1 Latin Modern Fonts
LaTeX Font Info:    Overwriting symbol font `operators' in version `normal'
(Font)                  OT1/cmr/m/n --> OT1/lmr/m/n on input line 22.
LaTeX Font Info:    Overwriting symbol font `letters' in version `normal'
(Font)                  OML/cmm/m/it --> OML/lmm/m/it on input line 23.
LaTeX Font Info:    Overwriting symbol font `symbols' in version `normal'
(Font)                  OMS/cmsy/m/n --> OMS/lmsy/m/n on input line 24.
LaTeX Font Info:    Overwriting symbol font `largesymbols' in version `normal'
(Font)                  OMX/cmex/m/n --> OMX/lmex/m/n on input line 25.
LaTeX Font Info:    Overwriting symbol font `operators' in version `bold'
(Font)                  OT1/cmr/bx/n --> OT1/lmr/bx/n on input line 26.
LaTeX Font Info:    Overwriting symbol font `letters' in version `bold'
(Font)                  OML/cmm/b/it --> OML/lmm/b/it on input line 27.
LaTeX Font Info:    Overwriting symbol font `symbols' in version `bold'
(Font)                  OMS/cmsy/b/n --> OMS/lmsy/b/n on input line 28.
LaTeX Font Info:    Overwriting symbol font `largesymbols' in version `bold'
(Font)                  OMX/cmex/m/n --> OMX/lmex/m/n on input line 29.
LaTeX Font Info:    Overwriting math alphabet `\mathbf' in version `normal'
(Font)                  OT1/cmr/bx/n --> OT1/lmr/bx/n on input line 31.
LaTeX Font Info:    Overwriting math alphabet `\mathsf' in version `normal'
(Font)                  OT1/cmss/m/n --> OT1/lmss/m/n on input line 32.
LaTeX Font Info:    Overwriting math alphabet `\mathit' in version `normal'
(Font)                  OT1/cmr/m/it --> OT1/lmr/m/it on input line 33.
LaTeX Font Info:    Overwriting math alphabet `\mathtt' in version `normal'
(Font)                  OT1/cmtt/m/n --> OT1/lmtt/m/n on input line 34.
LaTeX Font Info:    Overwriting math alphabet `\mathbf' in version `bold'
(Font)                  OT1/cmr/bx/n --> OT1/lmr/bx/n on input line 35.
LaTeX Font Info:    Overwriting math alphabet `\mathsf' in version `bold'
(Font)                  OT1/cmss/bx/n --> OT1/lmss/bx/n on input line 36.
LaTeX Font Info:    Overwriting math alphabet `\mathit' in version `bold'
(Font)                  OT1/cmr/bx/it --> OT1/lmr/bx/it on input line 37.
LaTeX Font Info:    Overwriting math alphabet `\mathtt' in version `bold'
(Font)                  OT1/cmtt/m/n --> OT1/lmtt/m/n on input line 38.
) (/Users/rachelo/Library/TinyTeX/texmf-dist/tex/latex/xcolor/xcolor.sty
Package: xcolor 2024/09/29 v3.02 LaTeX color extensions (UK)
(/Users/rachelo/Library/TinyTeX/texmf-dist/tex/latex/graphics-cfg/color.cfg
File: color.cfg 2016/01/02 v1.6 sample color configuration
)
Package xcolor Info: Driver file: pdftex.def on input line 274.
(/Users/rachelo/Library/TinyTeX/texmf-dist/tex/latex/graphics-def/pdftex.def
File: pdftex.def 2024/04/13 v1.2c Graphics/color driver for pdftex
) (/Users/rachelo/Library/TinyTeX/texmf-dist/tex/latex/graphics/mathcolor.ltx)
Package xcolor Info: Model `cmy' substituted by `cmy0' on input line 1349.
Package xcolor Info: Model `hsb' substituted by `rgb' on input line 1353.
Package xcolor Info: Model `RGB' extended on input line 1365.
Package xcolor Info: Model `HTML' substituted by `rgb' on input line 1367.
Package xcolor Info: Model `Hsb' substituted by `hsb' on input line 1368.
Package xcolor Info: Model `tHsb' substituted by `hsb' on input line 1369.
Package xcolor Info: Model `HSB' substituted by `hsb' on input line 1370.
Package xcolor Info: Model `Gray' substituted by `gray' on input line 1371.
Package xcolor Info: Model `wave' substituted by `hsb' on input line 1372.
) (/Users/rachelo/Library/TinyTeX/texmf-dist/tex/latex/geometry/geometry.sty
Package: geometry 2020/01/02 v5.9 Page Geometry
(/Users/rachelo/Library/TinyTeX/texmf-dist/tex/latex/graphics/keyval.sty
Package: keyval 2022/05/29 v1.15 key=value parser (DPC)
\KV@toks@=\toks24
) (/Users/rachelo/Library/TinyTeX/texmf-dist/tex/generic/iftex/ifvtex.sty
Package: ifvtex 2019/10/25 v1.7 ifvtex legacy package. Use iftex instead.
)
\Gm@cnth=\count283
\Gm@cntv=\count284
\c@Gm@tempcnt=\count285
\Gm@bindingoffset=\dimen151
\Gm@wd@mp=\dimen152
\Gm@odd@mp=\dimen153
\Gm@even@mp=\dimen154
\Gm@layoutwidth=\dimen155
\Gm@layoutheight=\dimen156
\Gm@layouthoffset=\dimen157
\Gm@layoutvoffset=\dimen158
\Gm@dimlist=\toks25
) (/Users/rachelo/Library/TinyTeX/texmf-dist/tex/latex/fancyvrb/fancyvrb.sty
Package: fancyvrb 2024/01/20 4.5c verbatim text (tvz,hv)
\FV@CodeLineNo=\count286
\FV@InFile=\read2
\FV@TabBox=\box54
\c@FancyVerbLine=\count287
\FV@StepNumber=\count288
\FV@OutFile=\write3
) (/Users/rachelo/Library/TinyTeX/texmf-dist/tex/latex/framed/framed.sty
Package: framed 2011/10/22 v 0.96: framed or shaded text with page breaks
\OuterFrameSep=\skip54
\fb@frw=\dimen159
\fb@frh=\dimen160
\FrameRule=\dimen161
\FrameSep=\dimen162
) (/Users/rachelo/Library/TinyTeX/texmf-dist/tex/latex/tools/longtable.sty
Package: longtable 2024-10-27 v4.22 Multi-page Table package (DPC)
\LTleft=\skip55
\LTright=\skip56
\LTpre=\skip57
\LTpost=\skip58
\LTchunksize=\count289
\LTcapwidth=\dimen163
\LT@head=\box55
\LT@firsthead=\box56
\LT@foot=\box57
\LT@lastfoot=\box58
\LT@gbox=\box59
\LT@cols=\count290
\LT@rows=\count291
\c@LT@tables=\count292
\c@LT@chunks=\count293
\LT@p@ftn=\toks26
) (/Users/rachelo/Library/TinyTeX/texmf-dist/tex/latex/booktabs/booktabs.sty
Package: booktabs 2020/01/12 v1.61803398 Publication quality tables
\heavyrulewidth=\dimen164
\lightrulewidth=\dimen165
\cmidrulewidth=\dimen166
\belowrulesep=\dimen167
\belowbottomsep=\dimen168
\aboverulesep=\dimen169
\abovetopsep=\dimen170
\cmidrulesep=\dimen171
\cmidrulekern=\dimen172
\defaultaddspace=\dimen173
\@cmidla=\count294
\@cmidlb=\count295
\@aboverulesep=\dimen174
\@belowrulesep=\dimen175
\@thisruleclass=\count296
\@lastruleclass=\count297
\@thisrulewidth=\dimen176
) (/Users/rachelo/Library/TinyTeX/texmf-dist/tex/latex/tools/array.sty
Package: array 2024/10/17 v2.6g Tabular extension package (FMi)
\col@sep=\dimen177
\ar@mcellbox=\box60
\extrarowheight=\dimen178
\NC@list=\toks27
\extratabsurround=\skip59
\backup@length=\skip60
\ar@cellbox=\box61
) (/Users/rachelo/Library/TinyTeX/texmf-dist/tex/latex/tools/calc.sty
Package: calc 2023/07/08 v4.3 Infix arithmetic (KKT,FJ)
\calc@Acount=\count298
\calc@Bcount=\count299
\calc@Adimen=\dimen179
\calc@Bdimen=\dimen180
\calc@Askip=\skip61
\calc@Bskip=\skip62
LaTeX Info: Redefining \setlength on input line 80.
LaTeX Info: Redefining \addtolength on input line 81.
\calc@Ccount=\count300
\calc@Cskip=\skip63
) (/Users/rachelo/Library/TinyTeX/texmf-dist/tex/latex/etoolbox/etoolbox.sty
Package: etoolbox 2020/10/05 v2.5k e-TeX tools for LaTeX (JAW)
\etb@tempcnta=\count301
) (/Users/rachelo/Library/TinyTeX/texmf-dist/tex/latex/mdwtools/footnote.sty
Package: footnote 1997/01/28 1.13 Save footnotes around boxes
\fn@notes=\box62
\fn@width=\dimen181
) (/Users/rachelo/Library/TinyTeX/texmf-dist/tex/latex/graphics/graphicx.sty
Package: graphicx 2021/09/16 v1.2d Enhanced LaTeX Graphics (DPC,SPQR)
(/Users/rachelo/Library/TinyTeX/texmf-dist/tex/latex/graphics/graphics.sty
Package: graphics 2024/08/06 v1.4g Standard LaTeX Graphics (DPC,SPQR)
(/Users/rachelo/Library/TinyTeX/texmf-dist/tex/latex/graphics/trig.sty
Package: trig 2023/12/02 v1.11 sin cos tan (DPC)
) (/Users/rachelo/Library/TinyTeX/texmf-dist/tex/latex/graphics-cfg/graphics.cfg
File: graphics.cfg 2016/06/04 v1.11 sample graphics configuration
)
Package graphics Info: Driver file: pdftex.def on input line 106.
)
\Gin@req@height=\dimen182
\Gin@req@width=\dimen183
)
\cslhangindent=\skip64
\csllabelwidth=\skip65
(/Users/rachelo/Library/TinyTeX/texmf-dist/tex/latex/bookmark/bookmark.sty
Package: bookmark 2023-12-10 v1.31 PDF bookmarks (HO)
(/Users/rachelo/Library/TinyTeX/texmf-dist/tex/latex/hyperref/hyperref.sty
Package: hyperref 2024-11-05 v7.01l Hypertext links for LaTeX
(/Users/rachelo/Library/TinyTeX/texmf-dist/tex/latex/kvsetkeys/kvsetkeys.sty
Package: kvsetkeys 2022-10-05 v1.19 Key value parser (HO)
) (/Users/rachelo/Library/TinyTeX/texmf-dist/tex/generic/kvdefinekeys/kvdefinekeys.sty
Package: kvdefinekeys 2019-12-19 v1.6 Define keys (HO)
) (/Users/rachelo/Library/TinyTeX/texmf-dist/tex/generic/pdfescape/pdfescape.sty
Package: pdfescape 2019/12/09 v1.15 Implements pdfTeX's escape features (HO)
(/Users/rachelo/Library/TinyTeX/texmf-dist/tex/generic/ltxcmds/ltxcmds.sty
Package: ltxcmds 2023-12-04 v1.26 LaTeX kernel commands for general use (HO)
) (/Users/rachelo/Library/TinyTeX/texmf-dist/tex/generic/pdftexcmds/pdftexcmds.sty
Package: pdftexcmds 2020-06-27 v0.33 Utility functions of pdfTeX for LuaTeX (HO)
(/Users/rachelo/Library/TinyTeX/texmf-dist/tex/generic/infwarerr/infwarerr.sty
Package: infwarerr 2019/12/03 v1.5 Providing info/warning/error messages (HO)
)
Package pdftexcmds Info: \pdf@primitive is available.
Package pdftexcmds Info: \pdf@ifprimitive is available.
Package pdftexcmds Info: \pdfdraftmode found.
)) (/Users/rachelo/Library/TinyTeX/texmf-dist/tex/latex/hycolor/hycolor.sty
Package: hycolor 2020-01-27 v1.10 Color options for hyperref/bookmark (HO)
) (/Users/rachelo/Library/TinyTeX/texmf-dist/tex/latex/hyperref/nameref.sty
Package: nameref 2023-11-26 v2.56 Cross-referencing by name of section
(/Users/rachelo/Library/TinyTeX/texmf-dist/tex/latex/refcount/refcount.sty
Package: refcount 2019/12/15 v3.6 Data extraction from label references (HO)
) (/Users/rachelo/Library/TinyTeX/texmf-dist/tex/generic/gettitlestring/gettitlestring.sty
Package: gettitlestring 2019/12/15 v1.6 Cleanup title references (HO)
(/Users/rachelo/Library/TinyTeX/texmf-dist/tex/latex/kvoptions/kvoptions.sty
Package: kvoptions 2022-06-15 v3.15 Key value format for package options (HO)
))
\c@section@level=\count302
) (/Users/rachelo/Library/TinyTeX/texmf-dist/tex/generic/stringenc/stringenc.sty
Package: stringenc 2019/11/29 v1.12 Convert strings between diff. encodings (HO)
)
\@linkdim=\dimen184
\Hy@linkcounter=\count303
\Hy@pagecounter=\count304
(/Users/rachelo/Library/TinyTeX/texmf-dist/tex/latex/hyperref/pd1enc.def
File: pd1enc.def 2024-11-05 v7.01l Hyperref: PDFDocEncoding definition (HO)
Now handling font encoding PD1 ...
... no UTF-8 mapping file for font encoding PD1
) (/Users/rachelo/Library/TinyTeX/texmf-dist/tex/generic/intcalc/intcalc.sty
Package: intcalc 2019/12/15 v1.3 Expandable calculations with integers (HO)
)
\Hy@SavedSpaceFactor=\count305
(/Users/rachelo/Library/TinyTeX/texmf-dist/tex/latex/hyperref/puenc.def
File: puenc.def 2024-11-05 v7.01l Hyperref: PDF Unicode definition (HO)
Now handling font encoding PU ...
... no UTF-8 mapping file for font encoding PU
)
Package hyperref Info: Option `unicode' set `true' on input line 4040.
Package hyperref Info: Hyper figures OFF on input line 4157.
Package hyperref Info: Link nesting OFF on input line 4162.
Package hyperref Info: Hyper index ON on input line 4165.
Package hyperref Info: Plain pages OFF on input line 4172.
Package hyperref Info: Backreferencing OFF on input line 4177.
Package hyperref Info: Implicit mode ON; LaTeX internals redefined.
Package hyperref Info: Bookmarks ON on input line 4424.
\c@Hy@tempcnt=\count306
(/Users/rachelo/Library/TinyTeX/texmf-dist/tex/latex/url/url.sty
\Urlmuskip=\muskip18
Package: url 2013/09/16  ver 3.4  Verb mode for urls, etc.
)
LaTeX Info: Redefining \url on input line 4763.
\XeTeXLinkMargin=\dimen185
(/Users/rachelo/Library/TinyTeX/texmf-dist/tex/generic/bitset/bitset.sty
Package: bitset 2019/12/09 v1.3 Handle bit-vector datatype (HO)
(/Users/rachelo/Library/TinyTeX/texmf-dist/tex/generic/bigintcalc/bigintcalc.sty
Package: bigintcalc 2019/12/15 v1.5 Expandable calculations on big integers (HO)
))
\Fld@menulength=\count307
\Field@Width=\dimen186
\Fld@charsize=\dimen187
Package hyperref Info: Hyper figures OFF on input line 6042.
Package hyperref Info: Link nesting OFF on input line 6047.
Package hyperref Info: Hyper index ON on input line 6050.
Package hyperref Info: backreferencing OFF on input line 6057.
Package hyperref Info: Link coloring OFF on input line 6062.
Package hyperref Info: Link coloring with OCG OFF on input line 6067.
Package hyperref Info: PDF/A mode OFF on input line 6072.
(/Users/rachelo/Library/TinyTeX/texmf-dist/tex/latex/base/atbegshi-ltx.sty
Package: atbegshi-ltx 2021/01/10 v1.0c Emulation of the original atbegshi
package with kernel methods
)
\Hy@abspage=\count308
\c@Item=\count309
\c@Hfootnote=\count310
)
Package hyperref Info: Driver (autodetected): hpdftex.
(/Users/rachelo/Library/TinyTeX/texmf-dist/tex/latex/hyperref/hpdftex.def
File: hpdftex.def 2024-11-05 v7.01l Hyperref driver for pdfTeX
(/Users/rachelo/Library/TinyTeX/texmf-dist/tex/latex/base/atveryend-ltx.sty
Package: atveryend-ltx 2020/08/19 v1.0a Emulation of the original atveryend package
with kernel methods
)
\Fld@listcount=\count311
\c@bookmark@seq@number=\count312
(/Users/rachelo/Library/TinyTeX/texmf-dist/tex/latex/rerunfilecheck/rerunfilecheck.sty
Package: rerunfilecheck 2022-07-10 v1.10 Rerun checks for auxiliary files (HO)
(/Users/rachelo/Library/TinyTeX/texmf-dist/tex/generic/uniquecounter/uniquecounter.sty
Package: uniquecounter 2019/12/15 v1.4 Provide unlimited unique counter (HO)
)
Package uniquecounter Info: New unique counter `rerunfilecheck' on input line 285.
)
\Hy@SectionHShift=\skip66
) (/Users/rachelo/Library/TinyTeX/texmf-dist/tex/latex/bookmark/bkm-pdftex.def
File: bkm-pdftex.def 2023-12-10 v1.31 bookmark driver for pdfTeX and luaTeX (HO)
\BKM@id=\count313
)) (/Users/rachelo/Library/TinyTeX/texmf-dist/tex/latex/amscls/amsthm.sty
Package: amsthm 2020/05/29 v2.20.6
\thm@style=\toks28
\thm@bodyfont=\toks29
\thm@headfont=\toks30
\thm@notefont=\toks31
\thm@headpunct=\toks32
\thm@preskip=\skip67
\thm@postskip=\skip68
\thm@headsep=\skip69
\dth@everypar=\toks33
)
\c@theorem=\count314
\c@lemma=\count315
\c@corollary=\count316
\c@proposition=\count317
\c@conjecture=\count318
\c@definition=\count319
\c@example=\count320
\c@exercise=\count321
\c@hypothesis=\count322
LaTeX Font Info:    Trying to load font information for T1+lmr on input line 173.
(/Users/rachelo/Library/TinyTeX/texmf-dist/tex/latex/lm/t1lmr.fd
File: t1lmr.fd 2015/05/01 v1.6.1 Font defs for Latin Modern
) (/Users/rachelo/Library/TinyTeX/texmf-dist/tex/latex/l3backend/l3backend-pdftex.def
File: l3backend-pdftex.def 2024-05-08 L3 backend support: PDF output (pdfTeX)
\l__color_backend_stack_int=\count323
\l__pdf_internal_box=\box63
) (./CT4H_lecture_notes.aux)
\openout1 = `CT4H_lecture_notes.aux'.

LaTeX Font Info:    Checking defaults for OML/cmm/m/it on input line 173.
LaTeX Font Info:    ... okay on input line 173.
LaTeX Font Info:    Checking defaults for OMS/cmsy/m/n on input line 173.
LaTeX Font Info:    ... okay on input line 173.
LaTeX Font Info:    Checking defaults for OT1/cmr/m/n on input line 173.
LaTeX Font Info:    ... okay on input line 173.
LaTeX Font Info:    Checking defaults for T1/cmr/m/n on input line 173.
LaTeX Font Info:    ... okay on input line 173.
LaTeX Font Info:    Checking defaults for TS1/cmr/m/n on input line 173.
LaTeX Font Info:    ... okay on input line 173.
LaTeX Font Info:    Checking defaults for OMX/cmex/m/n on input line 173.
LaTeX Font Info:    ... okay on input line 173.
LaTeX Font Info:    Checking defaults for U/cmr/m/n on input line 173.
LaTeX Font Info:    ... okay on input line 173.
LaTeX Font Info:    Checking defaults for PD1/pdf/m/n on input line 173.
LaTeX Font Info:    ... okay on input line 173.
LaTeX Font Info:    Checking defaults for PU/pdf/m/n on input line 173.
LaTeX Font Info:    ... okay on input line 173.
(/Users/rachelo/Library/TinyTeX/texmf-dist/tex/latex/epstopdf-pkg/epstopdf-base.sty
Package: epstopdf-base 2020-01-24 v2.11 Base part for package epstopdf
Package epstopdf-base Info: Redefining graphics rule for `.eps' on input line 485.
(/Users/rachelo/Library/TinyTeX/texmf-dist/tex/latex/latexconfig/epstopdf-sys.cfg
File: epstopdf-sys.cfg 2010/07/13 v1.3 Configuration of (r)epstopdf for TeX Live
))
*geometry* driver: auto-detecting
*geometry* detected driver: pdftex
*geometry* verbose mode - [ preamble ] result:
* driver: pdftex
* paper: <default>
* layout: <same size as paper>
* layoutoffset:(h,v)=(0.0pt,0.0pt)
* modes: twoside 
* h-part:(L,W,R)=(85.35826pt, 443.57848pt, 85.35826pt)
* v-part:(T,H,B)=(85.35826pt, 624.25346pt, 85.35826pt)
* \paperwidth=614.295pt
* \paperheight=794.96999pt
* \textwidth=443.57848pt
* \textheight=624.25346pt
* \oddsidemargin=13.08827pt
* \evensidemargin=13.08827pt
* \topmargin=-16.97922pt
* \headheight=12.0pt
* \headsep=18.06749pt
* \topskip=10.0pt
* \footskip=25.29494pt
* \marginparwidth=125.0pt
* \marginparsep=7.0pt
* \columnsep=10.0pt
* \skip\footins=9.0pt plus 4.0pt minus 2.0pt
* \hoffset=0.0pt
* \voffset=0.0pt
* \mag=1000
* \@twocolumnfalse
* \@twosidetrue
* \@mparswitchtrue
* \@reversemarginfalse
* (1in=72.27pt=25.4mm, 1cm=28.453pt)

Package hyperref Info: Link coloring OFF on input line 173.
LaTeX Font Info:    Trying to load font information for OT1+lmr on input line 175.
(/Users/rachelo/Library/TinyTeX/texmf-dist/tex/latex/lm/ot1lmr.fd
File: ot1lmr.fd 2015/05/01 v1.6.1 Font defs for Latin Modern
)
LaTeX Font Info:    Trying to load font information for OML+lmm on input line 175.
(/Users/rachelo/Library/TinyTeX/texmf-dist/tex/latex/lm/omllmm.fd
File: omllmm.fd 2015/05/01 v1.6.1 Font defs for Latin Modern
)
LaTeX Font Info:    Trying to load font information for OMS+lmsy on input line 175.
(/Users/rachelo/Library/TinyTeX/texmf-dist/tex/latex/lm/omslmsy.fd
File: omslmsy.fd 2015/05/01 v1.6.1 Font defs for Latin Modern
)
LaTeX Font Info:    Trying to load font information for OMX+lmex on input line 175.
(/Users/rachelo/Library/TinyTeX/texmf-dist/tex/latex/lm/omxlmex.fd
File: omxlmex.fd 2015/05/01 v1.6.1 Font defs for Latin Modern
)
LaTeX Font Info:    External font `lmex10' loaded for size
(Font)              <12> on input line 175.
LaTeX Font Info:    External font `lmex10' loaded for size
(Font)              <8> on input line 175.
LaTeX Font Info:    External font `lmex10' loaded for size
(Font)              <6> on input line 175.
LaTeX Font Info:    Trying to load font information for U+msa on input line 175.
(/Users/rachelo/Library/TinyTeX/texmf-dist/tex/latex/amsfonts/umsa.fd
File: umsa.fd 2013/01/14 v3.01 AMS symbols A
)
LaTeX Font Info:    Trying to load font information for U+msb on input line 175.
(/Users/rachelo/Library/TinyTeX/texmf-dist/tex/latex/amsfonts/umsb.fd
File: umsb.fd 2013/01/14 v3.01 AMS symbols B
)

[1


{/Users/rachelo/Library/TinyTeX/texmf-var/fonts/map/pdftex/updmap/pdftex.map}{/Users/rachelo/Library/TinyTeX/texmf-dist/fonts/enc/dvips/lm/lm-ec.enc}] (./CT4H_lecture_notes.toc
LaTeX Font Info:    External font `lmex10' loaded for size
(Font)              <10> on input line 3.
LaTeX Font Info:    External font `lmex10' loaded for size
(Font)              <7> on input line 3.
LaTeX Font Info:    External font `lmex10' loaded for size
(Font)              <5> on input line 3.


[2

{/Users/rachelo/Library/TinyTeX/texmf-dist/fonts/enc/dvips/lm/lm-mathit.enc}{/Users/rachelo/Library/TinyTeX/texmf-dist/fonts/enc/dvips/lm/lm-rm.enc}])
\tf@toc=\write4
\openout4 = `CT4H_lecture_notes.toc'.



[3]
Chapter 1.


[4

]
Chapter 2.
LaTeX Font Info:    Trying to load font information for TS1+lmr on input line 195.
(/Users/rachelo/Library/TinyTeX/texmf-dist/tex/latex/lm/ts1lmr.fd
File: ts1lmr.fd 2015/05/01 v1.6.1 Font defs for Latin Modern
)

[5

{/Users/rachelo/Library/TinyTeX/texmf-dist/fonts/enc/dvips/lm/lm-ts1.enc}]
<CT4H_lecture_notes_files/figure-latex/t31-onesided-1.pdf, id=122, 469.755pt x 325.215pt>
File: CT4H_lecture_notes_files/figure-latex/t31-onesided-1.pdf Graphic file (type pdf)
<use CT4H_lecture_notes_files/figure-latex/t31-onesided-1.pdf>
Package pdftex.def Info: CT4H_lecture_notes_files/figure-latex/t31-onesided-1.pdf  used on input line 265.
(pdftex.def)             Requested size: 443.57677pt x 307.0916pt.


[6{/Users/rachelo/Library/TinyTeX/texmf-dist/fonts/enc/dvips/lm/lm-mathsy.enc}]

[7 <./CT4H_lecture_notes_files/figure-latex/t31-onesided-1.pdf>]
<CT4H_lecture_notes_files/figure-latex/t31-twosided-1.pdf, id=148, 469.755pt x 325.215pt>
File: CT4H_lecture_notes_files/figure-latex/t31-twosided-1.pdf Graphic file (type pdf)
<use CT4H_lecture_notes_files/figure-latex/t31-twosided-1.pdf>
Package pdftex.def Info: CT4H_lecture_notes_files/figure-latex/t31-twosided-1.pdf  used on input line 284.
(pdftex.def)             Requested size: 443.57677pt x 307.0916pt.


[8 <./CT4H_lecture_notes_files/figure-latex/t31-twosided-1.pdf>]

[9{/Users/rachelo/Library/TinyTeX/texmf-dist/fonts/enc/dvips/lm/lm-mathex.enc}]

[10]
<CT4H_lecture_notes_files/figure-latex/unnamed-chunk-2-1.pdf, id=176, 469.755pt x 325.215pt>
File: CT4H_lecture_notes_files/figure-latex/unnamed-chunk-2-1.pdf Graphic file (type pdf)
<use CT4H_lecture_notes_files/figure-latex/unnamed-chunk-2-1.pdf>
Package pdftex.def Info: CT4H_lecture_notes_files/figure-latex/unnamed-chunk-2-1.pdf  used on input line 408.
(pdftex.def)             Requested size: 443.57677pt x 307.0916pt.
LaTeX Font Info:    Trying to load font information for T1+lmtt on input line 409.
(/Users/rachelo/Library/TinyTeX/texmf-dist/tex/latex/lm/t1lmtt.fd
File: t1lmtt.fd 2015/05/01 v1.6.1 Font defs for Latin Modern
)
Underfull \hbox (badness 10000) in paragraph at lines 408--410
[][]
 []


Underfull \vbox (badness 10000) has occurred while \output is active []



[11]

[12 <./CT4H_lecture_notes_files/figure-latex/unnamed-chunk-2-1.pdf>]
LaTeX Font Info:    External font `lmex10' loaded for size
(Font)              <14.4> on input line 426.
<CT4H_lecture_notes_files/figure-latex/accepth0-1.pdf, id=199, 469.755pt x 325.215pt>
File: CT4H_lecture_notes_files/figure-latex/accepth0-1.pdf Graphic file (type pdf)
<use CT4H_lecture_notes_files/figure-latex/accepth0-1.pdf>
Package pdftex.def Info: CT4H_lecture_notes_files/figure-latex/accepth0-1.pdf  used on input line 453.
(pdftex.def)             Requested size: 443.57677pt x 307.0916pt.


[13

]
<CT4H_lecture_notes_files/figure-latex/accepth0-1-1.pdf, id=209, 469.755pt x 325.215pt>
File: CT4H_lecture_notes_files/figure-latex/accepth0-1-1.pdf Graphic file (type pdf)
<use CT4H_lecture_notes_files/figure-latex/accepth0-1-1.pdf>
Package pdftex.def Info: CT4H_lecture_notes_files/figure-latex/accepth0-1-1.pdf  used on input line 465.
(pdftex.def)             Requested size: 443.57677pt x 307.0916pt.


[14 <./CT4H_lecture_notes_files/figure-latex/accepth0-1.pdf>]

[15 <./CT4H_lecture_notes_files/figure-latex/accepth0-1-1.pdf>]
<CT4H_lecture_notes_files/figure-latex/powercurve-1.pdf, id=242, 578.16pt x 289.08pt>
File: CT4H_lecture_notes_files/figure-latex/powercurve-1.pdf Graphic file (type pdf)
<use CT4H_lecture_notes_files/figure-latex/powercurve-1.pdf>
Package pdftex.def Info: CT4H_lecture_notes_files/figure-latex/powercurve-1.pdf  used on input line 499.
(pdftex.def)             Requested size: 443.57896pt x 221.78947pt.


[16 <./CT4H_lecture_notes_files/figure-latex/powercurve-1.pdf>]

[17]

[18]
Chapter 3.


[19

]

[20]

[21]

[22]

[23]

[24]
<CT4H_lecture_notes_files/figure-latex/srs-alloc-1.pdf, id=321, 469.755pt x 289.08pt>
File: CT4H_lecture_notes_files/figure-latex/srs-alloc-1.pdf Graphic file (type pdf)
<use CT4H_lecture_notes_files/figure-latex/srs-alloc-1.pdf>
Package pdftex.def Info: CT4H_lecture_notes_files/figure-latex/srs-alloc-1.pdf  used on input line 851.
(pdftex.def)             Requested size: 443.57677pt x 272.9703pt.


[25]
<CT4H_lecture_notes_files/figure-latex/srsalloc300-1.pdf, id=329, 469.755pt x 289.08pt>
File: CT4H_lecture_notes_files/figure-latex/srsalloc300-1.pdf Graphic file (type pdf)
<use CT4H_lecture_notes_files/figure-latex/srsalloc300-1.pdf>
Package pdftex.def Info: CT4H_lecture_notes_files/figure-latex/srsalloc300-1.pdf  used on input line 859.
(pdftex.def)             Requested size: 443.57677pt x 272.9703pt.


[26 <./CT4H_lecture_notes_files/figure-latex/srs-alloc-1.pdf>]

[27 <./CT4H_lecture_notes_files/figure-latex/srsalloc300-1.pdf>]

[28]

[29]
<CT4H_lecture_notes_files/figure-latex/biasedcoin-p2thirds-1.pdf, id=368, 469.755pt x 252.945pt>
File: CT4H_lecture_notes_files/figure-latex/biasedcoin-p2thirds-1.pdf Graphic file (type pdf)
<use CT4H_lecture_notes_files/figure-latex/biasedcoin-p2thirds-1.pdf>
Package pdftex.def Info: CT4H_lecture_notes_files/figure-latex/biasedcoin-p2thirds-1.pdf  used on input line 1011.
(pdftex.def)             Requested size: 443.57677pt x 238.84903pt.
<CT4H_lecture_notes_files/figure-latex/p-nearlyhalf-1.pdf, id=370, 469.755pt x 252.945pt>
File: CT4H_lecture_notes_files/figure-latex/p-nearlyhalf-1.pdf Graphic file (type pdf)
<use CT4H_lecture_notes_files/figure-latex/p-nearlyhalf-1.pdf>
Package pdftex.def Info: CT4H_lecture_notes_files/figure-latex/p-nearlyhalf-1.pdf  used on input line 1019.
(pdftex.def)             Requested size: 443.57677pt x 238.84903pt.
<CT4H_lecture_notes_files/figure-latex/p-nearlyone-1.pdf, id=372, 469.755pt x 252.945pt>
File: CT4H_lecture_notes_files/figure-latex/p-nearlyone-1.pdf Graphic file (type pdf)
<use CT4H_lecture_notes_files/figure-latex/p-nearlyone-1.pdf>
Package pdftex.def Info: CT4H_lecture_notes_files/figure-latex/p-nearlyone-1.pdf  used on input line 1027.
(pdftex.def)             Requested size: 443.57677pt x 238.84903pt.


[30 <./CT4H_lecture_notes_files/figure-latex/biasedcoin-p2thirds-1.pdf>]

[31 <./CT4H_lecture_notes_files/figure-latex/p-nearlyhalf-1.pdf> <./CT4H_lecture_notes_files/figure-latex/p-nearlyone-1.pdf>]

[32]
<CT4H_lecture_notes_files/figure-latex/urn11-1.pdf, id=405, 469.755pt x 252.945pt>
File: CT4H_lecture_notes_files/figure-latex/urn11-1.pdf Graphic file (type pdf)
<use CT4H_lecture_notes_files/figure-latex/urn11-1.pdf>
Package pdftex.def Info: CT4H_lecture_notes_files/figure-latex/urn11-1.pdf  used on input line 1116.
(pdftex.def)             Requested size: 443.57677pt x 238.84903pt.
<CT4H_lecture_notes_files/figure-latex/urn18-1.pdf, id=406, 469.755pt x 252.945pt>
File: CT4H_lecture_notes_files/figure-latex/urn18-1.pdf Graphic file (type pdf)
<use CT4H_lecture_notes_files/figure-latex/urn18-1.pdf>
Package pdftex.def Info: CT4H_lecture_notes_files/figure-latex/urn18-1.pdf  used on input line 1122.
(pdftex.def)             Requested size: 443.57677pt x 238.84903pt.
<CT4H_lecture_notes_files/figure-latex/urn81-1.pdf, id=407, 469.755pt x 252.945pt>
File: CT4H_lecture_notes_files/figure-latex/urn81-1.pdf Graphic file (type pdf)
<use CT4H_lecture_notes_files/figure-latex/urn81-1.pdf>
Package pdftex.def Info: CT4H_lecture_notes_files/figure-latex/urn81-1.pdf  used on input line 1128.
(pdftex.def)             Requested size: 443.57677pt x 238.84903pt.


[33]

[34 <./CT4H_lecture_notes_files/figure-latex/urn11-1.pdf> <./CT4H_lecture_notes_files/figure-latex/urn18-1.pdf>]

[35 <./CT4H_lecture_notes_files/figure-latex/urn81-1.pdf>]

[36]

[37]

[38]
<images/licorice.jpg, id=481, 198.7425pt x 246.9225pt>
File: images/licorice.jpg Graphic file (type jpg)
<use images/licorice.jpg>
Package pdftex.def Info: images/licorice.jpg  used on input line 1339.
(pdftex.def)             Requested size: 198.742pt x 246.92188pt.
<CT4H_lecture_notes_files/figure-latex/unnamed-chunk-7-1.pdf, id=482, 469.755pt x 325.215pt>
File: CT4H_lecture_notes_files/figure-latex/unnamed-chunk-7-1.pdf Graphic file (type pdf)
<use CT4H_lecture_notes_files/figure-latex/unnamed-chunk-7-1.pdf>
Package pdftex.def Info: CT4H_lecture_notes_files/figure-latex/unnamed-chunk-7-1.pdf  used on input line 1356.
(pdftex.def)             Requested size: 443.57677pt x 307.0916pt.

Underfull \vbox (badness 8000) has occurred while \output is active []



[39 <./images/licorice.jpg>]

[40 <./CT4H_lecture_notes_files/figure-latex/unnamed-chunk-7-1.pdf>]
Chapter 4.


[41

]

[42]
<CT4H_lecture_notes_files/figure-latex/ttestcapt-1.pdf, id=518, 469.755pt x 325.215pt>
File: CT4H_lecture_notes_files/figure-latex/ttestcapt-1.pdf Graphic file (type pdf)
<use CT4H_lecture_notes_files/figure-latex/ttestcapt-1.pdf>
Package pdftex.def Info: CT4H_lecture_notes_files/figure-latex/ttestcapt-1.pdf  used on input line 1499.
(pdftex.def)             Requested size: 443.57677pt x 307.0916pt.
LaTeX Font Info:    Font shape `T1/lmtt/bx/n' in size <10> not available
(Font)              Font shape `T1/lmtt/b/n' tried instead on input line 1507.


[43 <./CT4H_lecture_notes_files/figure-latex/ttestcapt-1.pdf>]

[44]

[45]

[46]

[47]

[48]
<CT4H_lecture_notes_files/figure-latex/hommel-1.pdf, id=570, 469.755pt x 325.215pt>
File: CT4H_lecture_notes_files/figure-latex/hommel-1.pdf Graphic file (type pdf)
<use CT4H_lecture_notes_files/figure-latex/hommel-1.pdf>
Package pdftex.def Info: CT4H_lecture_notes_files/figure-latex/hommel-1.pdf  used on input line 1854.
(pdftex.def)             Requested size: 443.57677pt x 307.0916pt.


[49 <./CT4H_lecture_notes_files/figure-latex/hommel-1.pdf>]
<CT4H_lecture_notes_files/figure-latex/bvnplot-1.pdf, id=584, 469.755pt x 325.215pt>
File: CT4H_lecture_notes_files/figure-latex/bvnplot-1.pdf Graphic file (type pdf)
<use CT4H_lecture_notes_files/figure-latex/bvnplot-1.pdf>
Package pdftex.def Info: CT4H_lecture_notes_files/figure-latex/bvnplot-1.pdf  used on input line 1934.
(pdftex.def)             Requested size: 443.57677pt x 307.0916pt.


[50]

[51 <./CT4H_lecture_notes_files/figure-latex/bvnplot-1.pdf>]

[52]

[53]

[54]

[55]
<CT4H_lecture_notes_files/figure-latex/unnamed-chunk-11-1.pdf, id=636, 469.755pt x 325.215pt>
File: CT4H_lecture_notes_files/figure-latex/unnamed-chunk-11-1.pdf Graphic file (type pdf)
<use CT4H_lecture_notes_files/figure-latex/unnamed-chunk-11-1.pdf>
Package pdftex.def Info: CT4H_lecture_notes_files/figure-latex/unnamed-chunk-11-1.pdf  used on input line 2216.
(pdftex.def)             Requested size: 443.57677pt x 307.0916pt.

Underfull \vbox (badness 10000) has occurred while \output is active []



[56]

[57 <./CT4H_lecture_notes_files/figure-latex/unnamed-chunk-11-1.pdf>]
<CT4H_lecture_notes_files/figure-latex/unnamed-chunk-12-1.pdf, id=650, 469.755pt x 325.215pt>
File: CT4H_lecture_notes_files/figure-latex/unnamed-chunk-12-1.pdf Graphic file (type pdf)
<use CT4H_lecture_notes_files/figure-latex/unnamed-chunk-12-1.pdf>
Package pdftex.def Info: CT4H_lecture_notes_files/figure-latex/unnamed-chunk-12-1.pdf  used on input line 2245.
(pdftex.def)             Requested size: 443.57677pt x 307.0916pt.


[58 <./CT4H_lecture_notes_files/figure-latex/unnamed-chunk-12-1.pdf>]

[59]

[60]
<CT4H_lecture_notes_files/figure-latex/unnamed-chunk-17-1.pdf, id=678, 469.755pt x 325.215pt>
File: CT4H_lecture_notes_files/figure-latex/unnamed-chunk-17-1.pdf Graphic file (type pdf)
<use CT4H_lecture_notes_files/figure-latex/unnamed-chunk-17-1.pdf>
Package pdftex.def Info: CT4H_lecture_notes_files/figure-latex/unnamed-chunk-17-1.pdf  used on input line 2432.
(pdftex.def)             Requested size: 443.57677pt x 307.0916pt.

Underfull \vbox (badness 10000) has occurred while \output is active []



[61]

[62 <./CT4H_lecture_notes_files/figure-latex/unnamed-chunk-17-1.pdf>]

[63]

[64]

[65

]
Chapter 5.


[66

]

[67]
Overfull \hbox (223.16959pt too wide) in paragraph at lines 2635--2635
[]\T1/lmtt/m/n/10 Finally, we can substitute this into Equation \\eqref{eq:delta3}, with $f\left(X\right) = \arcsin\left(\sqrt{X}\right)$ to find[] 
 []



[68]
Underfull \hbox (badness 10000) in paragraph at lines 2686--2688

 []



[69]

[70]
Chapter 6.


[71

]

[72]

[73]

[74]
Underfull \vbox (badness 1648) has occurred while \output is active []



[75]

[76]

[77]

[78]
<CT4H_lecture_notes_files/figure-latex/unnamed-chunk-26-1.pdf, id=793, 469.755pt x 325.215pt>
File: CT4H_lecture_notes_files/figure-latex/unnamed-chunk-26-1.pdf Graphic file (type pdf)
<use CT4H_lecture_notes_files/figure-latex/unnamed-chunk-26-1.pdf>
Package pdftex.def Info: CT4H_lecture_notes_files/figure-latex/unnamed-chunk-26-1.pdf  used on input line 3143.
(pdftex.def)             Requested size: 443.57677pt x 307.0916pt.


[79 <./CT4H_lecture_notes_files/figure-latex/unnamed-chunk-26-1.pdf>]

[80]
<CT4H_lecture_notes_files/figure-latex/unnamed-chunk-28-1.pdf, id=811, 469.755pt x 216.81pt>
File: CT4H_lecture_notes_files/figure-latex/unnamed-chunk-28-1.pdf Graphic file (type pdf)
<use CT4H_lecture_notes_files/figure-latex/unnamed-chunk-28-1.pdf>
Package pdftex.def Info: CT4H_lecture_notes_files/figure-latex/unnamed-chunk-28-1.pdf  used on input line 3211.
(pdftex.def)             Requested size: 443.57677pt x 204.72772pt.


[81 <./CT4H_lecture_notes_files/figure-latex/unnamed-chunk-28-1.pdf>]
<CT4H_lecture_notes_files/figure-latex/newc1-1.pdf, id=829, 469.755pt x 325.215pt>
File: CT4H_lecture_notes_files/figure-latex/newc1-1.pdf Graphic file (type pdf)
<use CT4H_lecture_notes_files/figure-latex/newc1-1.pdf>
Package pdftex.def Info: CT4H_lecture_notes_files/figure-latex/newc1-1.pdf  used on input line 3265.
(pdftex.def)             Requested size: 443.57677pt x 307.0916pt.


[82]
<CT4H_lecture_notes_files/figure-latex/unnamed-chunk-32-1.pdf, id=835, 469.755pt x 325.215pt>
File: CT4H_lecture_notes_files/figure-latex/unnamed-chunk-32-1.pdf Graphic file (type pdf)
<use CT4H_lecture_notes_files/figure-latex/unnamed-chunk-32-1.pdf>
Package pdftex.def Info: CT4H_lecture_notes_files/figure-latex/unnamed-chunk-32-1.pdf  used on input line 3290.
(pdftex.def)             Requested size: 443.57677pt x 307.0916pt.


[83 <./CT4H_lecture_notes_files/figure-latex/newc1-1.pdf>]

[84 <./CT4H_lecture_notes_files/figure-latex/unnamed-chunk-32-1.pdf>]
<CT4H_lecture_notes_files/figure-latex/unnamed-chunk-35-1.pdf, id=858, 469.755pt x 325.215pt>
File: CT4H_lecture_notes_files/figure-latex/unnamed-chunk-35-1.pdf Graphic file (type pdf)
<use CT4H_lecture_notes_files/figure-latex/unnamed-chunk-35-1.pdf>
Package pdftex.def Info: CT4H_lecture_notes_files/figure-latex/unnamed-chunk-35-1.pdf  used on input line 3312.
(pdftex.def)             Requested size: 443.57677pt x 307.0916pt.


[85 <./CT4H_lecture_notes_files/figure-latex/unnamed-chunk-35-1.pdf>]

[86]

[87]

[88]

[89]
Underfull \hbox (badness 10000) in paragraph at lines 3530--3532

 []



[90]

[91]

[92]

[93]

LaTeX Font Warning: Font shape `T1/lmtt/bx/it' in size <10> not available
(Font)              Font shape `T1/lmtt/b/sl' tried instead on input line 3749.

LaTeX Font Info:    Trying to load font information for TS1+lmtt on input line 3752.
(/Users/rachelo/Library/TinyTeX/texmf-dist/tex/latex/lm/ts1lmtt.fd
File: ts1lmtt.fd 2015/05/01 v1.6.1 Font defs for Latin Modern
)

[94]
Overfull \hbox (2.67023pt too wide) in paragraph at lines 3814--3814
[]\T1/lmtt/m/n/10 ## glm(formula = outcome ~ age + site + risk + rx, family = binomial(link = "logit"),[] 
 []


Overfull \hbox (28.92015pt too wide) in paragraph at lines 3847--3847
[]\T1/lmtt/m/n/10 ## glm(formula = outcome ~ I(age^2) + site + risk + rx, family = binomial(link = "logit"),[] 
 []



[95]

[96]

[97]

[98]

[99]
<CT4H_lecture_notes_files/figure-latex/indoroc1-1.pdf, id=965, 469.755pt x 325.215pt>
File: CT4H_lecture_notes_files/figure-latex/indoroc1-1.pdf Graphic file (type pdf)
<use CT4H_lecture_notes_files/figure-latex/indoroc1-1.pdf>
Package pdftex.def Info: CT4H_lecture_notes_files/figure-latex/indoroc1-1.pdf  used on input line 4105.
(pdftex.def)             Requested size: 443.57677pt x 307.0916pt.


[100]

[101 <./CT4H_lecture_notes_files/figure-latex/indoroc1-1.pdf>]
<CT4H_lecture_notes_files/figure-latex/unnamed-chunk-43-1.pdf, id=983, 469.755pt x 325.215pt>
File: CT4H_lecture_notes_files/figure-latex/unnamed-chunk-43-1.pdf Graphic file (type pdf)
<use CT4H_lecture_notes_files/figure-latex/unnamed-chunk-43-1.pdf>
Package pdftex.def Info: CT4H_lecture_notes_files/figure-latex/unnamed-chunk-43-1.pdf  used on input line 4143.
(pdftex.def)             Requested size: 443.57677pt x 307.0916pt.


[102 <./CT4H_lecture_notes_files/figure-latex/unnamed-chunk-43-1.pdf>]

[103

]
Chapter 7.


[104

]
<CT4H_lecture_notes_files/figure-latex/censor-1.pdf, id=1007, 469.755pt x 325.215pt>
File: CT4H_lecture_notes_files/figure-latex/censor-1.pdf Graphic file (type pdf)
<use CT4H_lecture_notes_files/figure-latex/censor-1.pdf>
Package pdftex.def Info: CT4H_lecture_notes_files/figure-latex/censor-1.pdf  used on input line 4198.
(pdftex.def)             Requested size: 443.57677pt x 307.0916pt.


[105 <./CT4H_lecture_notes_files/figure-latex/censor-1.pdf>]
<images/survival_eg.png, id=1021, 1006.76125pt x 724.7075pt>
File: images/survival_eg.png Graphic file (type png)
<use images/survival_eg.png>
Package pdftex.def Info: images/survival_eg.png  used on input line 4250.
(pdftex.def)             Requested size: 443.57544pt x 319.30356pt.


[106]

[107 <./images/survival_eg.png (PNG copy)>]

[108]
<CT4H_lecture_notes_files/figure-latex/kmov-1.pdf, id=1047, 469.755pt x 325.215pt>
File: CT4H_lecture_notes_files/figure-latex/kmov-1.pdf Graphic file (type pdf)
<use CT4H_lecture_notes_files/figure-latex/kmov-1.pdf>
Package pdftex.def Info: CT4H_lecture_notes_files/figure-latex/kmov-1.pdf  used on input line 4414.
(pdftex.def)             Requested size: 443.57677pt x 307.0916pt.


[109]

[110 <./CT4H_lecture_notes_files/figure-latex/kmov-1.pdf>]
<CT4H_lecture_notes_files/figure-latex/ovarian-1.pdf, id=1071, 469.755pt x 325.215pt>
File: CT4H_lecture_notes_files/figure-latex/ovarian-1.pdf Graphic file (type pdf)
<use CT4H_lecture_notes_files/figure-latex/ovarian-1.pdf>
Package pdftex.def Info: CT4H_lecture_notes_files/figure-latex/ovarian-1.pdf  used on input line 4434.
(pdftex.def)             Requested size: 443.57677pt x 307.0916pt.
<CT4H_lecture_notes_files/figure-latex/myeloid-1.pdf, id=1074, 469.755pt x 325.215pt>
File: CT4H_lecture_notes_files/figure-latex/myeloid-1.pdf Graphic file (type pdf)
<use CT4H_lecture_notes_files/figure-latex/myeloid-1.pdf>
Package pdftex.def Info: CT4H_lecture_notes_files/figure-latex/myeloid-1.pdf  used on input line 4442.
(pdftex.def)             Requested size: 443.57677pt x 307.0916pt.

Underfull \vbox (badness 1264) has occurred while \output is active []



[111 <./CT4H_lecture_notes_files/figure-latex/ovarian-1.pdf>]

[112 <./CT4H_lecture_notes_files/figure-latex/myeloid-1.pdf>]

[113]
<CT4H_lecture_notes_files/figure-latex/ovplotlr-1.pdf, id=1108, 469.755pt x 325.215pt>
File: CT4H_lecture_notes_files/figure-latex/ovplotlr-1.pdf Graphic file (type pdf)
<use CT4H_lecture_notes_files/figure-latex/ovplotlr-1.pdf>
Package pdftex.def Info: CT4H_lecture_notes_files/figure-latex/ovplotlr-1.pdf  used on input line 4551.
(pdftex.def)             Requested size: 443.57677pt x 307.0916pt.
<CT4H_lecture_notes_files/figure-latex/myplotlr-1.pdf, id=1110, 469.755pt x 325.215pt>
File: CT4H_lecture_notes_files/figure-latex/myplotlr-1.pdf Graphic file (type pdf)
<use CT4H_lecture_notes_files/figure-latex/myplotlr-1.pdf>
Package pdftex.def Info: CT4H_lecture_notes_files/figure-latex/myplotlr-1.pdf  used on input line 4559.
(pdftex.def)             Requested size: 443.57677pt x 307.0916pt.


[114]

[115 <./CT4H_lecture_notes_files/figure-latex/ovplotlr-1.pdf>]

[116 <./CT4H_lecture_notes_files/figure-latex/myplotlr-1.pdf>]

[117]
<CT4H_lecture_notes_files/figure-latex/weibmy-1.pdf, id=1151, 469.755pt x 325.215pt>
File: CT4H_lecture_notes_files/figure-latex/weibmy-1.pdf Graphic file (type pdf)
<use CT4H_lecture_notes_files/figure-latex/weibmy-1.pdf>
Package pdftex.def Info: CT4H_lecture_notes_files/figure-latex/weibmy-1.pdf  used on input line 4627.
(pdftex.def)             Requested size: 443.57677pt x 307.0916pt.


[118 <./CT4H_lecture_notes_files/figure-latex/weibmy-1.pdf>]

[119]
Chapter 8.


[120

]

[121]

[122]

[123]

[124]

[125]

[126]

[127]

LaTeX Warning: Reference `eq:hazfun' on page 128 undefined on input line 5075.


LaTeX Warning: Reference `eq:hazfun' on page 128 undefined on input line 5093.



[128]

[129]

[130]

[131]

[132]

[133

]
Chapter 9.


[134

]
<CT4H_lecture_notes_files/figure-latex/cheesedata-1.pdf, id=1266, 469.755pt x 325.215pt>
File: CT4H_lecture_notes_files/figure-latex/cheesedata-1.pdf Graphic file (type pdf)
<use CT4H_lecture_notes_files/figure-latex/cheesedata-1.pdf>
Package pdftex.def Info: CT4H_lecture_notes_files/figure-latex/cheesedata-1.pdf  used on input line 5345.
(pdftex.def)             Requested size: 443.57677pt x 307.0916pt.


[135]

[136 <./CT4H_lecture_notes_files/figure-latex/cheesedata-1.pdf>]

[137]

[138]

[139]

LaTeX Warning: Reference `alloc' on page 140 undefined on input line 5544.



[140]

LaTeX Warning: Citation `ref-dickinson2015pragmatic' on page 141 undefined on input line 5575.



[141]
<CT4H_lecture_notes_files/figure-latex/crtboxplots-1.pdf, id=1326, 469.755pt x 325.215pt>
File: CT4H_lecture_notes_files/figure-latex/crtboxplots-1.pdf Graphic file (type pdf)
<use CT4H_lecture_notes_files/figure-latex/crtboxplots-1.pdf>
Package pdftex.def Info: CT4H_lecture_notes_files/figure-latex/crtboxplots-1.pdf  used on input line 5628.
(pdftex.def)             Requested size: 443.57677pt x 307.0916pt.


[142 <./CT4H_lecture_notes_files/figure-latex/crtboxplots-1.pdf>]
<CT4H_lecture_notes_files/figure-latex/crt1bp-1.pdf, id=1339, 469.755pt x 144.54pt>
File: CT4H_lecture_notes_files/figure-latex/crt1bp-1.pdf Graphic file (type pdf)
<use CT4H_lecture_notes_files/figure-latex/crt1bp-1.pdf>
Package pdftex.def Info: CT4H_lecture_notes_files/figure-latex/crt1bp-1.pdf  used on input line 5712.
(pdftex.def)             Requested size: 443.57677pt x 136.48514pt.


[143]
Overfull \hbox (34.17014pt too wide) in paragraph at lines 5742--5742
[]\T1/lmtt/m/n/10 ## data:  crt_summ$MeanDiff[crt_summ$Group == 0] and crt_summ$MeanDiff[crt_summ$Group == 1][] 
 []



[144 <./CT4H_lecture_notes_files/figure-latex/crt1bp-1.pdf>]

[145]

LaTeX Warning: Citation `ref-teerenstra2012simple' on page 146 undefined on input line 5834.

<CT4H_lecture_notes_files/figure-latex/eefplot2-1.pdf, id=1370, 469.755pt x 325.215pt>
File: CT4H_lecture_notes_files/figure-latex/eefplot2-1.pdf Graphic file (type pdf)
<use CT4H_lecture_notes_files/figure-latex/eefplot2-1.pdf>
Package pdftex.def Info: CT4H_lecture_notes_files/figure-latex/eefplot2-1.pdf  used on input line 5845.
(pdftex.def)             Requested size: 443.57677pt x 307.0916pt.
<CT4H_lecture_notes_files/figure-latex/lmerplot1-1.pdf, id=1372, 469.755pt x 325.215pt>
File: CT4H_lecture_notes_files/figure-latex/lmerplot1-1.pdf Graphic file (type pdf)
<use CT4H_lecture_notes_files/figure-latex/lmerplot1-1.pdf>
Package pdftex.def Info: CT4H_lecture_notes_files/figure-latex/lmerplot1-1.pdf  used on input line 5871.
(pdftex.def)             Requested size: 443.57677pt x 307.0916pt.


[146]

[147 <./CT4H_lecture_notes_files/figure-latex/eefplot2-1.pdf>]

[148 <./CT4H_lecture_notes_files/figure-latex/lmerplot1-1.pdf>]
<images/raneffmodels.png, id=1399, 1083.04625pt x 740.7675pt>
File: images/raneffmodels.png Graphic file (type png)
<use images/raneffmodels.png>
Package pdftex.def Info: images/raneffmodels.png  used on input line 5913.
(pdftex.def)             Requested size: 443.57259pt x 303.38884pt.


[149]

[150 <./images/raneffmodels.png>]

[151

]

[152] (./CT4H_lecture_notes.aux)
 ***********
LaTeX2e <2024-11-01>
L3 programming layer <2024-11-02>
 ***********

LaTeX Warning: There were undefined references.

 ) 
Here is how much of TeX's memory you used:
 13292 strings out of 475322
 218369 string characters out of 5769306
 612311 words of memory out of 5000000
 35478 multiletter control sequences out of 15000+600000
 659603 words of font info for 108 fonts, out of 8000000 for 9000
 14 hyphenation exceptions out of 8191
 89i,19n,93p,1078b,728s stack positions out of 10000i,1000n,20000p,200000b,200000s
</Users/rachelo/Library/TinyTeX/texmf-dist/fonts/type1/public/lm/lmbx10.pfb></Users/rachelo/Library/TinyTeX/texmf-dist/fonts/type1/public/lm/lmbx12.pfb></Users/rachelo/Library/TinyTeX/texmf-dist/fonts/type1/public/lm/lmbxi10.pfb></Users/rachelo/Library/TinyTeX/texmf-dist/fonts/type1/public/lm/lmex10.pfb></Users/rachelo/Library/TinyTeX/texmf-dist/fonts/type1/public/lm/lmmi10.pfb></Users/rachelo/Library/TinyTeX/texmf-dist/fonts/type1/public/lm/lmmi12.pfb></Users/rachelo/Library/TinyTeX/texmf-dist/fonts/type1/public/lm/lmmi5.pfb></Users/rachelo/Library/TinyTeX/texmf-dist/fonts/type1/public/lm/lmmi7.pfb></Users/rachelo/Library/TinyTeX/texmf-dist/fonts/type1/public/lm/lmmi8.pfb></Users/rachelo/Library/TinyTeX/texmf-dist/fonts/type1/public/lm/lmmib10.pfb></Users/rachelo/Library/TinyTeX/texmf-dist/fonts/type1/public/lm/lmmib7.pfb></Users/rachelo/Library/TinyTeX/texmf-dist/fonts/type1/public/lm/lmr10.pfb></Users/rachelo/Library/TinyTeX/texmf-dist/fonts/type1/public/lm/lmr12.pfb></Users/rachelo/Library/TinyTeX/texmf-dist/fonts/type1/public/lm/lmr17.pfb></Users/rachelo/Library/TinyTeX/texmf-dist/fonts/type1/public/lm/lmr5.pfb></Users/rachelo/Library/TinyTeX/texmf-dist/fonts/type1/public/lm/lmr7.pfb></Users/rachelo/Library/TinyTeX/texmf-dist/fonts/type1/public/lm/lmri10.pfb></Users/rachelo/Library/TinyTeX/texmf-dist/fonts/type1/public/lm/lmro10.pfb></Users/rachelo/Library/TinyTeX/texmf-dist/fonts/type1/public/lm/lmsy10.pfb></Users/rachelo/Library/TinyTeX/texmf-dist/fonts/type1/public/lm/lmsy7.pfb></Users/rachelo/Library/TinyTeX/texmf-dist/fonts/type1/public/lm/lmtk10.pfb></Users/rachelo/Library/TinyTeX/texmf-dist/fonts/type1/public/lm/lmtko10.pfb></Users/rachelo/Library/TinyTeX/texmf-dist/fonts/type1/public/lm/lmtt10.pfb></Users/rachelo/Library/TinyTeX/texmf-dist/fonts/type1/public/lm/lmtti10.pfb></Users/rachelo/Library/TinyTeX/texmf-dist/fonts/type1/public/amsfonts/symbols/msbm10.pfb>
Output written on CT4H_lecture_notes.pdf (152 pages, 1441649 bytes).
PDF statistics:
 1775 PDF objects out of 2073 (max. 8388607)
 1467 compressed objects within 15 object streams
 447 named destinations out of 1000 (max. 500000)
 552 words of extra memory for PDF output out of 10000 (max. 10000000)

