This is pdfTeX, Version 3.141592653-2.6-1.40.26 (TeX Live 2024) (preloaded format=pdflatex 2025.2.28)  18 MAR 2025 13:28
entering extended mode
 restricted \write18 enabled.
 %&-line parsing enabled.
**CT4H_notes.tex
(./CT4H_notes.tex
LaTeX2e <2024-11-01> patch level 2
L3 programming layer <2025-01-18>
(/Users/rachelo/Library/TinyTeX/texmf-dist/tex/latex/base/book.cls
Document Class: book 2024/06/29 v1.4n Standard LaTeX document class
(/Users/rachelo/Library/TinyTeX/texmf-dist/tex/latex/base/bk10.clo
File: bk10.clo 2024/06/29 v1.4n Standard LaTeX file (size option)
)
\c@part=\count196
\c@chapter=\count197
\c@section=\count198
\c@subsection=\count199
\c@subsubsection=\count266
\c@paragraph=\count267
\c@subparagraph=\count268
\c@figure=\count269
\c@table=\count270
\abovecaptionskip=\skip49
\belowcaptionskip=\skip50
\bibindent=\dimen141
) (/Users/rachelo/Library/TinyTeX/texmf-dist/tex/latex/amsmath/amsmath.sty
Package: amsmath 2024/11/05 v2.17t AMS math features
\@mathmargin=\skip51
For additional information on amsmath, use the `?' option.
(/Users/rachelo/Library/TinyTeX/texmf-dist/tex/latex/amsmath/amstext.sty
Package: amstext 2021/08/26 v2.01 AMS text
(/Users/rachelo/Library/TinyTeX/texmf-dist/tex/latex/amsmath/amsgen.sty
File: amsgen.sty 1999/11/30 v2.0 generic functions
\@emptytoks=\toks17
\ex@=\dimen142
)) (/Users/rachelo/Library/TinyTeX/texmf-dist/tex/latex/amsmath/amsbsy.sty
Package: amsbsy 1999/11/29 v1.2d Bold Symbols
\pmbraise@=\dimen143
) (/Users/rachelo/Library/TinyTeX/texmf-dist/tex/latex/amsmath/amsopn.sty
Package: amsopn 2022/04/08 v2.04 operator names
)
\inf@bad=\count271
LaTeX Info: Redefining \frac on input line 233.
\uproot@=\count272
\leftroot@=\count273
LaTeX Info: Redefining \overline on input line 398.
LaTeX Info: Redefining \colon on input line 409.
\classnum@=\count274
\DOTSCASE@=\count275
LaTeX Info: Redefining \ldots on input line 495.
LaTeX Info: Redefining \dots on input line 498.
LaTeX Info: Redefining \cdots on input line 619.
\Mathstrutbox@=\box52
\strutbox@=\box53
LaTeX Info: Redefining \big on input line 721.
LaTeX Info: Redefining \Big on input line 722.
LaTeX Info: Redefining \bigg on input line 723.
LaTeX Info: Redefining \Bigg on input line 724.
\big@size=\dimen144
LaTeX Font Info:    Redeclaring font encoding OML on input line 742.
LaTeX Font Info:    Redeclaring font encoding OMS on input line 743.
\macc@depth=\count276
LaTeX Info: Redefining \bmod on input line 904.
LaTeX Info: Redefining \pmod on input line 909.
LaTeX Info: Redefining \smash on input line 939.
LaTeX Info: Redefining \relbar on input line 969.
LaTeX Info: Redefining \Relbar on input line 970.
\c@MaxMatrixCols=\count277
\dotsspace@=\muskip17
\c@parentequation=\count278
\dspbrk@lvl=\count279
\tag@help=\toks18
\row@=\count280
\column@=\count281
\maxfields@=\count282
\andhelp@=\toks19
\eqnshift@=\dimen145
\alignsep@=\dimen146
\tagshift@=\dimen147
\tagwidth@=\dimen148
\totwidth@=\dimen149
\lineht@=\dimen150
\@envbody=\toks20
\multlinegap=\skip52
\multlinetaggap=\skip53
\mathdisplay@stack=\toks21
LaTeX Info: Redefining \[ on input line 2953.
LaTeX Info: Redefining \] on input line 2954.
) (/Users/rachelo/Library/TinyTeX/texmf-dist/tex/latex/amsfonts/amssymb.sty
Package: amssymb 2013/01/14 v3.01 AMS font symbols
(/Users/rachelo/Library/TinyTeX/texmf-dist/tex/latex/amsfonts/amsfonts.sty
Package: amsfonts 2013/01/14 v3.01 Basic AMSFonts support
\symAMSa=\mathgroup4
\symAMSb=\mathgroup5
LaTeX Font Info:    Redeclaring math symbol \hbar on input line 98.
LaTeX Font Info:    Overwriting math alphabet `\mathfrak' in version `bold'
(Font)                  U/euf/m/n --> U/euf/b/n on input line 106.
)) (/Users/rachelo/Library/TinyTeX/texmf-dist/tex/generic/iftex/iftex.sty
Package: iftex 2024/12/12 v1.0g TeX engine tests
) (/Users/rachelo/Library/TinyTeX/texmf-dist/tex/latex/base/fontenc.sty
Package: fontenc 2021/04/29 v2.0v Standard LaTeX package
) (/Users/rachelo/Library/TinyTeX/texmf-dist/tex/latex/base/inputenc.sty
Package: inputenc 2024/02/08 v1.3d Input encoding file
\inpenc@prehook=\toks22
\inpenc@posthook=\toks23
) (/Users/rachelo/Library/TinyTeX/texmf-dist/tex/latex/base/textcomp.sty
Package: textcomp 2024/04/24 v2.1b Standard LaTeX package
) (/Users/rachelo/Library/TinyTeX/texmf-dist/tex/latex/lm/lmodern.sty
Package: lmodern 2015/05/01 v1.6.1 Latin Modern Fonts
LaTeX Font Info:    Overwriting symbol font `operators' in version `normal'
(Font)                  OT1/cmr/m/n --> OT1/lmr/m/n on input line 22.
LaTeX Font Info:    Overwriting symbol font `letters' in version `normal'
(Font)                  OML/cmm/m/it --> OML/lmm/m/it on input line 23.
LaTeX Font Info:    Overwriting symbol font `symbols' in version `normal'
(Font)                  OMS/cmsy/m/n --> OMS/lmsy/m/n on input line 24.
LaTeX Font Info:    Overwriting symbol font `largesymbols' in version `normal'
(Font)                  OMX/cmex/m/n --> OMX/lmex/m/n on input line 25.
LaTeX Font Info:    Overwriting symbol font `operators' in version `bold'
(Font)                  OT1/cmr/bx/n --> OT1/lmr/bx/n on input line 26.
LaTeX Font Info:    Overwriting symbol font `letters' in version `bold'
(Font)                  OML/cmm/b/it --> OML/lmm/b/it on input line 27.
LaTeX Font Info:    Overwriting symbol font `symbols' in version `bold'
(Font)                  OMS/cmsy/b/n --> OMS/lmsy/b/n on input line 28.
LaTeX Font Info:    Overwriting symbol font `largesymbols' in version `bold'
(Font)                  OMX/cmex/m/n --> OMX/lmex/m/n on input line 29.
LaTeX Font Info:    Overwriting math alphabet `\mathbf' in version `normal'
(Font)                  OT1/cmr/bx/n --> OT1/lmr/bx/n on input line 31.
LaTeX Font Info:    Overwriting math alphabet `\mathsf' in version `normal'
(Font)                  OT1/cmss/m/n --> OT1/lmss/m/n on input line 32.
LaTeX Font Info:    Overwriting math alphabet `\mathit' in version `normal'
(Font)                  OT1/cmr/m/it --> OT1/lmr/m/it on input line 33.
LaTeX Font Info:    Overwriting math alphabet `\mathtt' in version `normal'
(Font)                  OT1/cmtt/m/n --> OT1/lmtt/m/n on input line 34.
LaTeX Font Info:    Overwriting math alphabet `\mathbf' in version `bold'
(Font)                  OT1/cmr/bx/n --> OT1/lmr/bx/n on input line 35.
LaTeX Font Info:    Overwriting math alphabet `\mathsf' in version `bold'
(Font)                  OT1/cmss/bx/n --> OT1/lmss/bx/n on input line 36.
LaTeX Font Info:    Overwriting math alphabet `\mathit' in version `bold'
(Font)                  OT1/cmr/bx/it --> OT1/lmr/bx/it on input line 37.
LaTeX Font Info:    Overwriting math alphabet `\mathtt' in version `bold'
(Font)                  OT1/cmtt/m/n --> OT1/lmtt/m/n on input line 38.
) (/Users/rachelo/Library/TinyTeX/texmf-dist/tex/latex/xcolor/xcolor.sty
Package: xcolor 2024/09/29 v3.02 LaTeX color extensions (UK)
(/Users/rachelo/Library/TinyTeX/texmf-dist/tex/latex/graphics-cfg/color.cfg
File: color.cfg 2016/01/02 v1.6 sample color configuration
)
Package xcolor Info: Driver file: pdftex.def on input line 274.
(/Users/rachelo/Library/TinyTeX/texmf-dist/tex/latex/graphics-def/pdftex.def
File: pdftex.def 2024/04/13 v1.2c Graphics/color driver for pdftex
) (/Users/rachelo/Library/TinyTeX/texmf-dist/tex/latex/graphics/mathcolor.ltx)
Package xcolor Info: Model `cmy' substituted by `cmy0' on input line 1349.
Package xcolor Info: Model `hsb' substituted by `rgb' on input line 1353.
Package xcolor Info: Model `RGB' extended on input line 1365.
Package xcolor Info: Model `HTML' substituted by `rgb' on input line 1367.
Package xcolor Info: Model `Hsb' substituted by `hsb' on input line 1368.
Package xcolor Info: Model `tHsb' substituted by `hsb' on input line 1369.
Package xcolor Info: Model `HSB' substituted by `hsb' on input line 1370.
Package xcolor Info: Model `Gray' substituted by `gray' on input line 1371.
Package xcolor Info: Model `wave' substituted by `hsb' on input line 1372.
) (/Users/rachelo/Library/TinyTeX/texmf-dist/tex/latex/fancyvrb/fancyvrb.sty
Package: fancyvrb 2024/01/20 4.5c verbatim text (tvz,hv)
(/Users/rachelo/Library/TinyTeX/texmf-dist/tex/latex/graphics/keyval.sty
Package: keyval 2022/05/29 v1.15 key=value parser (DPC)
\KV@toks@=\toks24
)
\FV@CodeLineNo=\count283
\FV@InFile=\read2
\FV@TabBox=\box54
\c@FancyVerbLine=\count284
\FV@StepNumber=\count285
\FV@OutFile=\write3
) (/Users/rachelo/Library/TinyTeX/texmf-dist/tex/latex/framed/framed.sty
Package: framed 2011/10/22 v 0.96: framed or shaded text with page breaks
\OuterFrameSep=\skip54
\fb@frw=\dimen151
\fb@frh=\dimen152
\FrameRule=\dimen153
\FrameSep=\dimen154
) (/Users/rachelo/Library/TinyTeX/texmf-dist/tex/latex/tools/longtable.sty
Package: longtable 2024-10-27 v4.22 Multi-page Table package (DPC)
\LTleft=\skip55
\LTright=\skip56
\LTpre=\skip57
\LTpost=\skip58
\LTchunksize=\count286
\LTcapwidth=\dimen155
\LT@head=\box55
\LT@firsthead=\box56
\LT@foot=\box57
\LT@lastfoot=\box58
\LT@gbox=\box59
\LT@cols=\count287
\LT@rows=\count288
\c@LT@tables=\count289
\c@LT@chunks=\count290
\LT@p@ftn=\toks25
) (/Users/rachelo/Library/TinyTeX/texmf-dist/tex/latex/booktabs/booktabs.sty
Package: booktabs 2020/01/12 v1.61803398 Publication quality tables
\heavyrulewidth=\dimen156
\lightrulewidth=\dimen157
\cmidrulewidth=\dimen158
\belowrulesep=\dimen159
\belowbottomsep=\dimen160
\aboverulesep=\dimen161
\abovetopsep=\dimen162
\cmidrulesep=\dimen163
\cmidrulekern=\dimen164
\defaultaddspace=\dimen165
\@cmidla=\count291
\@cmidlb=\count292
\@aboverulesep=\dimen166
\@belowrulesep=\dimen167
\@thisruleclass=\count293
\@lastruleclass=\count294
\@thisrulewidth=\dimen168
) (/Users/rachelo/Library/TinyTeX/texmf-dist/tex/latex/tools/array.sty
Package: array 2024/10/17 v2.6g Tabular extension package (FMi)
\col@sep=\dimen169
\ar@mcellbox=\box60
\extrarowheight=\dimen170
\NC@list=\toks26
\extratabsurround=\skip59
\backup@length=\skip60
\ar@cellbox=\box61
) (/Users/rachelo/Library/TinyTeX/texmf-dist/tex/latex/tools/calc.sty
Package: calc 2023/07/08 v4.3 Infix arithmetic (KKT,FJ)
\calc@Acount=\count295
\calc@Bcount=\count296
\calc@Adimen=\dimen171
\calc@Bdimen=\dimen172
\calc@Askip=\skip61
\calc@Bskip=\skip62
LaTeX Info: Redefining \setlength on input line 80.
LaTeX Info: Redefining \addtolength on input line 81.
\calc@Ccount=\count297
\calc@Cskip=\skip63
) (/Users/rachelo/Library/TinyTeX/texmf-dist/tex/latex/etoolbox/etoolbox.sty
Package: etoolbox 2025/02/11 v2.5l e-TeX tools for LaTeX (JAW)
\etb@tempcnta=\count298
) (/Users/rachelo/Library/TinyTeX/texmf-dist/tex/latex/mdwtools/footnote.sty
Package: footnote 1997/01/28 1.13 Save footnotes around boxes
\fn@notes=\box62
\fn@width=\dimen173
) (/Users/rachelo/Library/TinyTeX/texmf-dist/tex/latex/graphics/graphicx.sty
Package: graphicx 2021/09/16 v1.2d Enhanced LaTeX Graphics (DPC,SPQR)
(/Users/rachelo/Library/TinyTeX/texmf-dist/tex/latex/graphics/graphics.sty
Package: graphics 2024/08/06 v1.4g Standard LaTeX Graphics (DPC,SPQR)
(/Users/rachelo/Library/TinyTeX/texmf-dist/tex/latex/graphics/trig.sty
Package: trig 2023/12/02 v1.11 sin cos tan (DPC)
) (/Users/rachelo/Library/TinyTeX/texmf-dist/tex/latex/graphics-cfg/graphics.cfg
File: graphics.cfg 2016/06/04 v1.11 sample graphics configuration
)
Package graphics Info: Driver file: pdftex.def on input line 106.
)
\Gin@req@height=\dimen174
\Gin@req@width=\dimen175
) (/Users/rachelo/Library/TinyTeX/texmf-dist/tex/latex/geometry/geometry.sty
Package: geometry 2020/01/02 v5.9 Page Geometry
(/Users/rachelo/Library/TinyTeX/texmf-dist/tex/generic/iftex/ifvtex.sty
Package: ifvtex 2019/10/25 v1.7 ifvtex legacy package. Use iftex instead.
)
\Gm@cnth=\count299
\Gm@cntv=\count300
\c@Gm@tempcnt=\count301
\Gm@bindingoffset=\dimen176
\Gm@wd@mp=\dimen177
\Gm@odd@mp=\dimen178
\Gm@even@mp=\dimen179
\Gm@layoutwidth=\dimen180
\Gm@layoutheight=\dimen181
\Gm@layouthoffset=\dimen182
\Gm@layoutvoffset=\dimen183
\Gm@dimlist=\toks27
) (/Users/rachelo/Library/TinyTeX/texmf-dist/tex/latex/hyperref/hyperref.sty
Package: hyperref 2024-11-05 v7.01l Hypertext links for LaTeX
(/Users/rachelo/Library/TinyTeX/texmf-dist/tex/latex/kvsetkeys/kvsetkeys.sty
Package: kvsetkeys 2022-10-05 v1.19 Key value parser (HO)
) (/Users/rachelo/Library/TinyTeX/texmf-dist/tex/generic/kvdefinekeys/kvdefinekeys.sty
Package: kvdefinekeys 2019-12-19 v1.6 Define keys (HO)
) (/Users/rachelo/Library/TinyTeX/texmf-dist/tex/generic/pdfescape/pdfescape.sty
Package: pdfescape 2019/12/09 v1.15 Implements pdfTeX's escape features (HO)
(/Users/rachelo/Library/TinyTeX/texmf-dist/tex/generic/ltxcmds/ltxcmds.sty
Package: ltxcmds 2023-12-04 v1.26 LaTeX kernel commands for general use (HO)
) (/Users/rachelo/Library/TinyTeX/texmf-dist/tex/generic/pdftexcmds/pdftexcmds.sty
Package: pdftexcmds 2020-06-27 v0.33 Utility functions of pdfTeX for LuaTeX (HO)
(/Users/rachelo/Library/TinyTeX/texmf-dist/tex/generic/infwarerr/infwarerr.sty
Package: infwarerr 2019/12/03 v1.5 Providing info/warning/error messages (HO)
)
Package pdftexcmds Info: \pdf@primitive is available.
Package pdftexcmds Info: \pdf@ifprimitive is available.
Package pdftexcmds Info: \pdfdraftmode found.
)) (/Users/rachelo/Library/TinyTeX/texmf-dist/tex/latex/hycolor/hycolor.sty
Package: hycolor 2020-01-27 v1.10 Color options for hyperref/bookmark (HO)
) (/Users/rachelo/Library/TinyTeX/texmf-dist/tex/latex/hyperref/nameref.sty
Package: nameref 2023-11-26 v2.56 Cross-referencing by name of section
(/Users/rachelo/Library/TinyTeX/texmf-dist/tex/latex/refcount/refcount.sty
Package: refcount 2019/12/15 v3.6 Data extraction from label references (HO)
) (/Users/rachelo/Library/TinyTeX/texmf-dist/tex/generic/gettitlestring/gettitlestring.sty
Package: gettitlestring 2019/12/15 v1.6 Cleanup title references (HO)
(/Users/rachelo/Library/TinyTeX/texmf-dist/tex/latex/kvoptions/kvoptions.sty
Package: kvoptions 2022-06-15 v3.15 Key value format for package options (HO)
))
\c@section@level=\count302
) (/Users/rachelo/Library/TinyTeX/texmf-dist/tex/generic/stringenc/stringenc.sty
Package: stringenc 2019/11/29 v1.12 Convert strings between diff. encodings (HO)
)
\@linkdim=\dimen184
\Hy@linkcounter=\count303
\Hy@pagecounter=\count304
(/Users/rachelo/Library/TinyTeX/texmf-dist/tex/latex/hyperref/pd1enc.def
File: pd1enc.def 2024-11-05 v7.01l Hyperref: PDFDocEncoding definition (HO)
Now handling font encoding PD1 ...
... no UTF-8 mapping file for font encoding PD1
) (/Users/rachelo/Library/TinyTeX/texmf-dist/tex/generic/intcalc/intcalc.sty
Package: intcalc 2019/12/15 v1.3 Expandable calculations with integers (HO)
)
\Hy@SavedSpaceFactor=\count305
(/Users/rachelo/Library/TinyTeX/texmf-dist/tex/latex/hyperref/puenc.def
File: puenc.def 2024-11-05 v7.01l Hyperref: PDF Unicode definition (HO)
Now handling font encoding PU ...
... no UTF-8 mapping file for font encoding PU
)
Package hyperref Info: Option `unicode' set `true' on input line 4040.
Package hyperref Info: Option `breaklinks' set `true' on input line 4040.
Package hyperref Info: Hyper figures OFF on input line 4157.
Package hyperref Info: Link nesting OFF on input line 4162.
Package hyperref Info: Hyper index ON on input line 4165.
Package hyperref Info: Plain pages OFF on input line 4172.
Package hyperref Info: Backreferencing OFF on input line 4177.
Package hyperref Info: Implicit mode ON; LaTeX internals redefined.
Package hyperref Info: Bookmarks ON on input line 4424.
\c@Hy@tempcnt=\count306
(/Users/rachelo/Library/TinyTeX/texmf-dist/tex/latex/url/url.sty
\Urlmuskip=\muskip18
Package: url 2013/09/16  ver 3.4  Verb mode for urls, etc.
)
LaTeX Info: Redefining \url on input line 4763.
\XeTeXLinkMargin=\dimen185
(/Users/rachelo/Library/TinyTeX/texmf-dist/tex/generic/bitset/bitset.sty
Package: bitset 2019/12/09 v1.3 Handle bit-vector datatype (HO)
(/Users/rachelo/Library/TinyTeX/texmf-dist/tex/generic/bigintcalc/bigintcalc.sty
Package: bigintcalc 2019/12/15 v1.5 Expandable calculations on big integers (HO)
))
\Fld@menulength=\count307
\Field@Width=\dimen186
\Fld@charsize=\dimen187
Package hyperref Info: Hyper figures OFF on input line 6042.
Package hyperref Info: Link nesting OFF on input line 6047.
Package hyperref Info: Hyper index ON on input line 6050.
Package hyperref Info: backreferencing OFF on input line 6057.
Package hyperref Info: Link coloring OFF on input line 6062.
Package hyperref Info: Link coloring with OCG OFF on input line 6067.
Package hyperref Info: PDF/A mode OFF on input line 6072.
(/Users/rachelo/Library/TinyTeX/texmf-dist/tex/latex/base/atbegshi-ltx.sty
Package: atbegshi-ltx 2021/01/10 v1.0c Emulation of the original atbegshi
package with kernel methods
)
\Hy@abspage=\count308
\c@Item=\count309
\c@Hfootnote=\count310
)
Package hyperref Info: Driver (autodetected): hpdftex.
(/Users/rachelo/Library/TinyTeX/texmf-dist/tex/latex/hyperref/hpdftex.def
File: hpdftex.def 2024-11-05 v7.01l Hyperref driver for pdfTeX
(/Users/rachelo/Library/TinyTeX/texmf-dist/tex/latex/base/atveryend-ltx.sty
Package: atveryend-ltx 2020/08/19 v1.0a Emulation of the original atveryend package
with kernel methods
)
\Fld@listcount=\count311
\c@bookmark@seq@number=\count312
(/Users/rachelo/Library/TinyTeX/texmf-dist/tex/latex/rerunfilecheck/rerunfilecheck.sty
Package: rerunfilecheck 2022-07-10 v1.10 Rerun checks for auxiliary files (HO)
(/Users/rachelo/Library/TinyTeX/texmf-dist/tex/generic/uniquecounter/uniquecounter.sty
Package: uniquecounter 2019/12/15 v1.4 Provide unlimited unique counter (HO)
)
Package uniquecounter Info: New unique counter `rerunfilecheck' on input line 285.
)
\Hy@SectionHShift=\skip64
) (/Users/rachelo/Library/TinyTeX/texmf-dist/tex/latex/caption/caption.sty
Package: caption 2023/08/05 v3.6o Customizing captions (AR)
(/Users/rachelo/Library/TinyTeX/texmf-dist/tex/latex/caption/caption3.sty
Package: caption3 2023/07/31 v2.4d caption3 kernel (AR)
\caption@tempdima=\dimen188
\captionmargin=\dimen189
\caption@leftmargin=\dimen190
\caption@rightmargin=\dimen191
\caption@width=\dimen192
\caption@indent=\dimen193
\caption@parindent=\dimen194
\caption@hangindent=\dimen195
Package caption Info: Standard document class detected.
)
\c@caption@flags=\count313
\c@continuedfloat=\count314
Package caption Info: hyperref package is loaded.
Package caption Info: longtable package is loaded.
(/Users/rachelo/Library/TinyTeX/texmf-dist/tex/latex/caption/ltcaption.sty
Package: ltcaption 2021/01/08 v1.4c longtable captions (AR)
)) (/Users/rachelo/Library/TinyTeX/texmf-dist/tex/latex/colortbl/colortbl.sty
Package: colortbl 2024/07/06 v1.0i Color table columns (DPC)
\everycr=\toks28
\minrowclearance=\skip65
\rownum=\count315
) (/Users/rachelo/Library/TinyTeX/texmf-dist/tex/latex/anyfontsize/anyfontsize.sty
Package: anyfontsize 2007/11/22 anyfontsize.sty by pts
) (/Users/rachelo/Library/TinyTeX/texmf-dist/tex/latex/multirow/multirow.sty
Package: multirow 2024/11/12 v2.9 Span multiple rows of a table
\multirow@colwidth=\skip66
\multirow@cntb=\count316
\multirow@dima=\skip67
\bigstrutjot=\dimen196
) (/Users/rachelo/Library/TinyTeX/texmf-dist/tex/latex/natbib/natbib.sty
Package: natbib 2010/09/13 8.31b (PWD, AO)
\bibhang=\skip68
\bibsep=\skip69
LaTeX Info: Redefining \cite on input line 694.
\c@NAT@ctr=\count317
) (/Users/rachelo/Library/TinyTeX/texmf-dist/tex/latex/bookmark/bookmark.sty
Package: bookmark 2023-12-10 v1.31 PDF bookmarks (HO)
(/Users/rachelo/Library/TinyTeX/texmf-dist/tex/latex/bookmark/bkm-pdftex.def
File: bkm-pdftex.def 2023-12-10 v1.31 bookmark driver for pdfTeX and luaTeX (HO)
\BKM@id=\count318
)) (/Users/rachelo/Library/TinyTeX/texmf-dist/tex/latex/amscls/amsthm.sty
Package: amsthm 2020/05/29 v2.20.6
\thm@style=\toks29
\thm@bodyfont=\toks30
\thm@headfont=\toks31
\thm@notefont=\toks32
\thm@headpunct=\toks33
\thm@preskip=\skip70
\thm@postskip=\skip71
\thm@headsep=\skip72
\dth@everypar=\toks34
)
\c@theorem=\count319
\c@lemma=\count320
\c@corollary=\count321
\c@proposition=\count322
\c@conjecture=\count323
\c@definition=\count324
\c@example=\count325
\c@exercise=\count326
\c@hypothesis=\count327
LaTeX Font Info:    Trying to load font information for T1+lmr on input line 150.
(/Users/rachelo/Library/TinyTeX/texmf-dist/tex/latex/lm/t1lmr.fd
File: t1lmr.fd 2015/05/01 v1.6.1 Font defs for Latin Modern
) (/Users/rachelo/Library/TinyTeX/texmf-dist/tex/latex/l3backend/l3backend-pdftex.def
File: l3backend-pdftex.def 2024-05-08 L3 backend support: PDF output (pdfTeX)
\l__color_backend_stack_int=\count328
\l__pdf_internal_box=\box63
) (./CT4H_notes.aux)
\openout1 = `CT4H_notes.aux'.

LaTeX Font Info:    Checking defaults for OML/cmm/m/it on input line 150.
LaTeX Font Info:    ... okay on input line 150.
LaTeX Font Info:    Checking defaults for OMS/cmsy/m/n on input line 150.
LaTeX Font Info:    ... okay on input line 150.
LaTeX Font Info:    Checking defaults for OT1/cmr/m/n on input line 150.
LaTeX Font Info:    ... okay on input line 150.
LaTeX Font Info:    Checking defaults for T1/cmr/m/n on input line 150.
LaTeX Font Info:    ... okay on input line 150.
LaTeX Font Info:    Checking defaults for TS1/cmr/m/n on input line 150.
LaTeX Font Info:    ... okay on input line 150.
LaTeX Font Info:    Checking defaults for OMX/cmex/m/n on input line 150.
LaTeX Font Info:    ... okay on input line 150.
LaTeX Font Info:    Checking defaults for U/cmr/m/n on input line 150.
LaTeX Font Info:    ... okay on input line 150.
LaTeX Font Info:    Checking defaults for PD1/pdf/m/n on input line 150.
LaTeX Font Info:    ... okay on input line 150.
LaTeX Font Info:    Checking defaults for PU/pdf/m/n on input line 150.
LaTeX Font Info:    ... okay on input line 150.
(/Users/rachelo/Library/TinyTeX/texmf-dist/tex/latex/epstopdf-pkg/epstopdf-base.sty
Package: epstopdf-base 2020-01-24 v2.11 Base part for package epstopdf
Package epstopdf-base Info: Redefining graphics rule for `.eps' on input line 485.
(/Users/rachelo/Library/TinyTeX/texmf-dist/tex/latex/latexconfig/epstopdf-sys.cfg
File: epstopdf-sys.cfg 2010/07/13 v1.3 Configuration of (r)epstopdf for TeX Live
))
*geometry* driver: auto-detecting
*geometry* detected driver: pdftex
*geometry* verbose mode - [ preamble ] result:
* driver: pdftex
* paper: <default>
* layout: <same size as paper>
* layoutoffset:(h,v)=(0.0pt,0.0pt)
* modes: twoside 
* h-part:(L,W,R)=(72.26999pt, 469.75502pt, 72.26999pt)
* v-part:(T,H,B)=(72.26999pt, 650.43001pt, 72.26999pt)
* \paperwidth=614.295pt
* \paperheight=794.96999pt
* \textwidth=469.75502pt
* \textheight=650.43001pt
* \oddsidemargin=0.0pt
* \evensidemargin=0.0pt
* \topmargin=-30.06749pt
* \headheight=12.0pt
* \headsep=18.06749pt
* \topskip=10.0pt
* \footskip=25.29494pt
* \marginparwidth=125.0pt
* \marginparsep=7.0pt
* \columnsep=10.0pt
* \skip\footins=9.0pt plus 4.0pt minus 2.0pt
* \hoffset=0.0pt
* \voffset=0.0pt
* \mag=1000
* \@twocolumnfalse
* \@twosidetrue
* \@mparswitchtrue
* \@reversemarginfalse
* (1in=72.27pt=25.4mm, 1cm=28.453pt)

Package hyperref Info: Link coloring OFF on input line 150.
Package caption Info: Begin \AtBeginDocument code.
Package caption Info: End \AtBeginDocument code.
LaTeX Font Info:    Trying to load font information for OT1+lmr on input line 152.
(/Users/rachelo/Library/TinyTeX/texmf-dist/tex/latex/lm/ot1lmr.fd
File: ot1lmr.fd 2015/05/01 v1.6.1 Font defs for Latin Modern
)
LaTeX Font Info:    Trying to load font information for OML+lmm on input line 152.
(/Users/rachelo/Library/TinyTeX/texmf-dist/tex/latex/lm/omllmm.fd
File: omllmm.fd 2015/05/01 v1.6.1 Font defs for Latin Modern
)
LaTeX Font Info:    Trying to load font information for OMS+lmsy on input line 152.
(/Users/rachelo/Library/TinyTeX/texmf-dist/tex/latex/lm/omslmsy.fd
File: omslmsy.fd 2015/05/01 v1.6.1 Font defs for Latin Modern
)
LaTeX Font Info:    Trying to load font information for OMX+lmex on input line 152.
(/Users/rachelo/Library/TinyTeX/texmf-dist/tex/latex/lm/omxlmex.fd
File: omxlmex.fd 2015/05/01 v1.6.1 Font defs for Latin Modern
)
LaTeX Font Info:    External font `lmex10' loaded for size
(Font)              <12> on input line 152.
LaTeX Font Info:    External font `lmex10' loaded for size
(Font)              <8> on input line 152.
LaTeX Font Info:    External font `lmex10' loaded for size
(Font)              <6> on input line 152.
LaTeX Font Info:    Trying to load font information for U+msa on input line 152.
(/Users/rachelo/Library/TinyTeX/texmf-dist/tex/latex/amsfonts/umsa.fd
File: umsa.fd 2013/01/14 v3.01 AMS symbols A
)
LaTeX Font Info:    Trying to load font information for U+msb on input line 152.
(/Users/rachelo/Library/TinyTeX/texmf-dist/tex/latex/amsfonts/umsb.fd
File: umsb.fd 2013/01/14 v3.01 AMS symbols B
)

[1


{/Users/rachelo/Library/TinyTeX/texmf-var/fonts/map/pdftex/updmap/pdftex.map}{/Users/rachelo/Library/TinyTeX/texmf-dist/fonts/enc/dvips/lm/lm-ec.enc}] (./CT4H_notes.toc
LaTeX Font Info:    External font `lmex10' loaded for size
(Font)              <10> on input line 2.
LaTeX Font Info:    External font `lmex10' loaded for size
(Font)              <7> on input line 2.
LaTeX Font Info:    External font `lmex10' loaded for size
(Font)              <5> on input line 2.


[2

{/Users/rachelo/Library/TinyTeX/texmf-dist/fonts/enc/dvips/lm/lm-mathit.enc}{/Users/rachelo/Library/TinyTeX/texmf-dist/fonts/enc/dvips/lm/lm-rm.enc}]

[3])
\tf@toc=\write4
\openout4 = `CT4H_notes.toc'.



[4]

[5

]
LaTeX Font Info:    Trying to load font information for TS1+lmr on input line 204.
(/Users/rachelo/Library/TinyTeX/texmf-dist/tex/latex/lm/ts1lmr.fd
File: ts1lmr.fd 2015/05/01 v1.6.1 Font defs for Latin Modern
)

[6{/Users/rachelo/Library/TinyTeX/texmf-dist/fonts/enc/dvips/lm/lm-ts1.enc}]
Chapter 1.


[7

]
<CT4H_notes_files/figure-latex/unnamed-chunk-2-1.pdf, id=182, 722.7pt x 289.08pt>
File: CT4H_notes_files/figure-latex/unnamed-chunk-2-1.pdf Graphic file (type pdf)
<use CT4H_notes_files/figure-latex/unnamed-chunk-2-1.pdf>
Package pdftex.def Info: CT4H_notes_files/figure-latex/unnamed-chunk-2-1.pdf  used on input line 273.
(pdftex.def)             Requested size: 469.76045pt x 187.90417pt.


[8 <./CT4H_notes_files/figure-latex/unnamed-chunk-2-1.pdf>]

[9]

[10]

[11]

[12]

[13

]
Chapter 2.


[14

]
<CT4H_notes_files/figure-latex/t31-onesided-1.pdf, id=245, 469.755pt x 325.215pt>
File: CT4H_notes_files/figure-latex/t31-onesided-1.pdf Graphic file (type pdf)
<use CT4H_notes_files/figure-latex/t31-onesided-1.pdf>
Package pdftex.def Info: CT4H_notes_files/figure-latex/t31-onesided-1.pdf  used on input line 485.
(pdftex.def)             Requested size: 469.75386pt x 325.2142pt.
<CT4H_notes_files/figure-latex/t31-twosided-1.pdf, id=248, 469.755pt x 325.215pt>
File: CT4H_notes_files/figure-latex/t31-twosided-1.pdf Graphic file (type pdf)
<use CT4H_notes_files/figure-latex/t31-twosided-1.pdf>
Package pdftex.def Info: CT4H_notes_files/figure-latex/t31-twosided-1.pdf  used on input line 502.
(pdftex.def)             Requested size: 469.75386pt x 325.2142pt.


[15{/Users/rachelo/Library/TinyTeX/texmf-dist/fonts/enc/dvips/lm/lm-mathsy.enc}]


Overfull \hbox (1.94731pt too wide) has occurred while \output is active
\T1/lmr/m/n/10 16 \T1/lmr/m/sl/10 CHAPTER 2.  SAMPLE SIZE FOR A NORMALLY DISTRIBUTED PRIMARY OUTCOME VARIABLE
 []

[16 <./CT4H_notes_files/figure-latex/t31-onesided-1.pdf>]

[17 <./CT4H_notes_files/figure-latex/t31-twosided-1.pdf>]


Overfull \hbox (1.94731pt too wide) has occurred while \output is active
\T1/lmr/m/n/10 18 \T1/lmr/m/sl/10 CHAPTER 2.  SAMPLE SIZE FOR A NORMALLY DISTRIBUTED PRIMARY OUTCOME VARIABLE
 []

[18{/Users/rachelo/Library/TinyTeX/texmf-dist/fonts/enc/dvips/lm/lm-mathex.enc}]

[19]
<CT4H_notes_files/figure-latex/unnamed-chunk-4-1.pdf, id=299, 469.755pt x 325.215pt>
File: CT4H_notes_files/figure-latex/unnamed-chunk-4-1.pdf Graphic file (type pdf)
<use CT4H_notes_files/figure-latex/unnamed-chunk-4-1.pdf>
Package pdftex.def Info: CT4H_notes_files/figure-latex/unnamed-chunk-4-1.pdf  used on input line 616.
(pdftex.def)             Requested size: 469.75386pt x 325.2142pt.

Underfull \vbox (badness 10000) has occurred while \output is active []




Overfull \hbox (1.94731pt too wide) has occurred while \output is active
\T1/lmr/m/n/10 20 \T1/lmr/m/sl/10 CHAPTER 2.  SAMPLE SIZE FOR A NORMALLY DISTRIBUTED PRIMARY OUTCOME VARIABLE
 []

[20]
LaTeX Font Info:    Trying to load font information for T1+lmtt on input line 618.
(/Users/rachelo/Library/TinyTeX/texmf-dist/tex/latex/lm/t1lmtt.fd
File: t1lmtt.fd 2015/05/01 v1.6.1 Font defs for Latin Modern
)
LaTeX Font Info:    External font `lmex10' loaded for size
(Font)              <14.4> on input line 623.


[21 <./CT4H_notes_files/figure-latex/unnamed-chunk-4-1.pdf>]
<CT4H_notes_files/figure-latex/accepth0-1.pdf, id=324, 469.755pt x 325.215pt>
File: CT4H_notes_files/figure-latex/accepth0-1.pdf Graphic file (type pdf)
<use CT4H_notes_files/figure-latex/accepth0-1.pdf>
Package pdftex.def Info: CT4H_notes_files/figure-latex/accepth0-1.pdf  used on input line 652.
(pdftex.def)             Requested size: 469.75386pt x 325.2142pt.
<CT4H_notes_files/figure-latex/accepth0-1-1.pdf, id=326, 469.755pt x 325.215pt>
File: CT4H_notes_files/figure-latex/accepth0-1-1.pdf Graphic file (type pdf)
<use CT4H_notes_files/figure-latex/accepth0-1-1.pdf>
Package pdftex.def Info: CT4H_notes_files/figure-latex/accepth0-1-1.pdf  used on input line 662.
(pdftex.def)             Requested size: 469.75386pt x 325.2142pt.
<CT4H_notes_files/figure-latex/powercurve-1.pdf, id=332, 578.16pt x 289.08pt>
File: CT4H_notes_files/figure-latex/powercurve-1.pdf Graphic file (type pdf)
<use CT4H_notes_files/figure-latex/powercurve-1.pdf>
Package pdftex.def Info: CT4H_notes_files/figure-latex/powercurve-1.pdf  used on input line 688.
(pdftex.def)             Requested size: 469.75385pt x 234.8769pt.



Overfull \hbox (1.94731pt too wide) has occurred while \output is active
\T1/lmr/m/n/10 22 \T1/lmr/m/sl/10 CHAPTER 2.  SAMPLE SIZE FOR A NORMALLY DISTRIBUTED PRIMARY OUTCOME VARIABLE
 []

[22]

[23 <./CT4H_notes_files/figure-latex/accepth0-1.pdf>]


Overfull \hbox (1.94731pt too wide) has occurred while \output is active
\T1/lmr/m/n/10 24 \T1/lmr/m/sl/10 CHAPTER 2.  SAMPLE SIZE FOR A NORMALLY DISTRIBUTED PRIMARY OUTCOME VARIABLE
 []

[24 <./CT4H_notes_files/figure-latex/accepth0-1-1.pdf> <./CT4H_notes_files/figure-latex/powercurve-1.pdf>]

[25]


Overfull \hbox (1.94731pt too wide) has occurred while \output is active
\T1/lmr/m/n/10 26 \T1/lmr/m/sl/10 CHAPTER 2.  SAMPLE SIZE FOR A NORMALLY DISTRIBUTED PRIMARY OUTCOME VARIABLE
 []

[26]
Chapter 3.


[27

]

[28]

[29]

[30]

[31]

[32]
<CT4H_notes_files/figure-latex/srs-alloc-1.pdf, id=455, 469.755pt x 325.215pt>
File: CT4H_notes_files/figure-latex/srs-alloc-1.pdf Graphic file (type pdf)
<use CT4H_notes_files/figure-latex/srs-alloc-1.pdf>
Package pdftex.def Info: CT4H_notes_files/figure-latex/srs-alloc-1.pdf  used on input line 989.
(pdftex.def)             Requested size: 469.75386pt x 325.2142pt.
<CT4H_notes_files/figure-latex/srsalloc200-1.pdf, id=458, 469.755pt x 325.215pt>
File: CT4H_notes_files/figure-latex/srsalloc200-1.pdf Graphic file (type pdf)
<use CT4H_notes_files/figure-latex/srsalloc200-1.pdf>
Package pdftex.def Info: CT4H_notes_files/figure-latex/srsalloc200-1.pdf  used on input line 1001.
(pdftex.def)             Requested size: 469.75386pt x 325.2142pt.


[33]

[34 <./CT4H_notes_files/figure-latex/srs-alloc-1.pdf>]

[35 <./CT4H_notes_files/figure-latex/srsalloc200-1.pdf>]

[36]

[37]
<CT4H_notes_files/figure-latex/biasedcoin-p2thirds-1.pdf, id=508, 469.755pt x 325.215pt>
File: CT4H_notes_files/figure-latex/biasedcoin-p2thirds-1.pdf Graphic file (type pdf)
<use CT4H_notes_files/figure-latex/biasedcoin-p2thirds-1.pdf>
Package pdftex.def Info: CT4H_notes_files/figure-latex/biasedcoin-p2thirds-1.pdf  used on input line 1129.
(pdftex.def)             Requested size: 469.75386pt x 325.2142pt.
<CT4H_notes_files/figure-latex/p-nearlyhalf-1.pdf, id=510, 469.755pt x 325.215pt>
File: CT4H_notes_files/figure-latex/p-nearlyhalf-1.pdf Graphic file (type pdf)
<use CT4H_notes_files/figure-latex/p-nearlyhalf-1.pdf>
Package pdftex.def Info: CT4H_notes_files/figure-latex/p-nearlyhalf-1.pdf  used on input line 1137.
(pdftex.def)             Requested size: 469.75386pt x 325.2142pt.
<CT4H_notes_files/figure-latex/p-nearlyone-1.pdf, id=512, 469.755pt x 325.215pt>
File: CT4H_notes_files/figure-latex/p-nearlyone-1.pdf Graphic file (type pdf)
<use CT4H_notes_files/figure-latex/p-nearlyone-1.pdf>
Package pdftex.def Info: CT4H_notes_files/figure-latex/p-nearlyone-1.pdf  used on input line 1145.
(pdftex.def)             Requested size: 469.75386pt x 325.2142pt.


[38]

[39 <./CT4H_notes_files/figure-latex/biasedcoin-p2thirds-1.pdf>]

[40 <./CT4H_notes_files/figure-latex/p-nearlyhalf-1.pdf>]

[41 <./CT4H_notes_files/figure-latex/p-nearlyone-1.pdf>]

[42]
<CT4H_notes_files/figure-latex/urn11-1.pdf, id=556, 469.755pt x 325.215pt>
File: CT4H_notes_files/figure-latex/urn11-1.pdf Graphic file (type pdf)
<use CT4H_notes_files/figure-latex/urn11-1.pdf>
Package pdftex.def Info: CT4H_notes_files/figure-latex/urn11-1.pdf  used on input line 1215.
(pdftex.def)             Requested size: 469.75386pt x 325.2142pt.
<CT4H_notes_files/figure-latex/urn18-1.pdf, id=557, 469.755pt x 325.215pt>
File: CT4H_notes_files/figure-latex/urn18-1.pdf Graphic file (type pdf)
<use CT4H_notes_files/figure-latex/urn18-1.pdf>
Package pdftex.def Info: CT4H_notes_files/figure-latex/urn18-1.pdf  used on input line 1221.
(pdftex.def)             Requested size: 469.75386pt x 325.2142pt.
<CT4H_notes_files/figure-latex/urn81-1.pdf, id=558, 469.755pt x 325.215pt>
File: CT4H_notes_files/figure-latex/urn81-1.pdf Graphic file (type pdf)
<use CT4H_notes_files/figure-latex/urn81-1.pdf>
Package pdftex.def Info: CT4H_notes_files/figure-latex/urn81-1.pdf  used on input line 1227.
(pdftex.def)             Requested size: 469.75386pt x 325.2142pt.


[43 <./CT4H_notes_files/figure-latex/urn11-1.pdf>]

[44 <./CT4H_notes_files/figure-latex/urn18-1.pdf>]

[45 <./CT4H_notes_files/figure-latex/urn81-1.pdf>]

[46]

[47]

[48]
<images/licorice.jpg, id=644, 198.7425pt x 246.9225pt>
File: images/licorice.jpg Graphic file (type jpg)
<use images/licorice.jpg>
Package pdftex.def Info: images/licorice.jpg  used on input line 1408.
(pdftex.def)             Requested size: 198.742pt x 246.92188pt.


[49 <./images/licorice.jpg>]
<CT4H_notes_files/figure-latex/unnamed-chunk-10-1.pdf, id=652, 469.755pt x 325.215pt>
File: CT4H_notes_files/figure-latex/unnamed-chunk-10-1.pdf Graphic file (type pdf)
<use CT4H_notes_files/figure-latex/unnamed-chunk-10-1.pdf>
Package pdftex.def Info: CT4H_notes_files/figure-latex/unnamed-chunk-10-1.pdf  used on input line 1425.
(pdftex.def)             Requested size: 469.75386pt x 325.2142pt.


[50 <./CT4H_notes_files/figure-latex/unnamed-chunk-10-1.pdf>]

[51]
Chapter 4.


[52

]

[53]
<CT4H_notes_files/figure-latex/ttestcapt-1.pdf, id=695, 469.755pt x 325.215pt>
File: CT4H_notes_files/figure-latex/ttestcapt-1.pdf Graphic file (type pdf)
<use CT4H_notes_files/figure-latex/ttestcapt-1.pdf>
Package pdftex.def Info: CT4H_notes_files/figure-latex/ttestcapt-1.pdf  used on input line 1537.
(pdftex.def)             Requested size: 469.75386pt x 325.2142pt.
LaTeX Font Info:    Font shape `T1/lmtt/bx/n' in size <10> not available
(Font)              Font shape `T1/lmtt/b/n' tried instead on input line 1545.


[54 <./CT4H_notes_files/figure-latex/ttestcapt-1.pdf>]

[55]

[56]

[57]

[58]
<CT4H_notes_files/figure-latex/hommel-1.pdf, id=746, 469.755pt x 325.215pt>
File: CT4H_notes_files/figure-latex/hommel-1.pdf Graphic file (type pdf)
<use CT4H_notes_files/figure-latex/hommel-1.pdf>
Package pdftex.def Info: CT4H_notes_files/figure-latex/hommel-1.pdf  used on input line 1803.
(pdftex.def)             Requested size: 469.75386pt x 325.2142pt.


[59 <./CT4H_notes_files/figure-latex/hommel-1.pdf>]
<CT4H_notes_files/figure-latex/bvnplot-1.pdf, id=759, 469.755pt x 325.215pt>
File: CT4H_notes_files/figure-latex/bvnplot-1.pdf Graphic file (type pdf)
<use CT4H_notes_files/figure-latex/bvnplot-1.pdf>
Package pdftex.def Info: CT4H_notes_files/figure-latex/bvnplot-1.pdf  used on input line 1865.
(pdftex.def)             Requested size: 469.75386pt x 325.2142pt.


[60]

[61 <./CT4H_notes_files/figure-latex/bvnplot-1.pdf>]

[62]

[63]

[64]

[65]
<CT4H_notes_files/figure-latex/unnamed-chunk-15-1.pdf, id=819, 469.755pt x 325.215pt>
File: CT4H_notes_files/figure-latex/unnamed-chunk-15-1.pdf Graphic file (type pdf)
<use CT4H_notes_files/figure-latex/unnamed-chunk-15-1.pdf>
Package pdftex.def Info: CT4H_notes_files/figure-latex/unnamed-chunk-15-1.pdf  used on input line 2140.
(pdftex.def)             Requested size: 469.75386pt x 325.2142pt.


[66 <./CT4H_notes_files/figure-latex/unnamed-chunk-15-1.pdf>]
<CT4H_notes_files/figure-latex/unnamed-chunk-16-1.pdf, id=829, 469.755pt x 325.215pt>
File: CT4H_notes_files/figure-latex/unnamed-chunk-16-1.pdf Graphic file (type pdf)
<use CT4H_notes_files/figure-latex/unnamed-chunk-16-1.pdf>
Package pdftex.def Info: CT4H_notes_files/figure-latex/unnamed-chunk-16-1.pdf  used on input line 2166.
(pdftex.def)             Requested size: 469.75386pt x 325.2142pt.


[67 <./CT4H_notes_files/figure-latex/unnamed-chunk-16-1.pdf>]
Underfull \hbox (badness 10000) in paragraph at lines 2228--2229

 []



[68]
Underfull \vbox (badness 10000) has occurred while \output is active []



[69]
Overfull \vbox (101.36961pt too high) has occurred while \output is active []



[70]

[71]
<CT4H_notes_files/figure-latex/lmstressresid1-1.pdf, id=874, 469.755pt x 325.215pt>
File: CT4H_notes_files/figure-latex/lmstressresid1-1.pdf Graphic file (type pdf)
<use CT4H_notes_files/figure-latex/lmstressresid1-1.pdf>
Package pdftex.def Info: CT4H_notes_files/figure-latex/lmstressresid1-1.pdf  used on input line 2453.
(pdftex.def)             Requested size: 469.75386pt x 325.2142pt.


[72 <./CT4H_notes_files/figure-latex/lmstressresid1-1.pdf>]
<CT4H_notes_files/figure-latex/lmstressresid2-1.pdf, id=886, 469.755pt x 325.215pt>
File: CT4H_notes_files/figure-latex/lmstressresid2-1.pdf Graphic file (type pdf)
<use CT4H_notes_files/figure-latex/lmstressresid2-1.pdf>
Package pdftex.def Info: CT4H_notes_files/figure-latex/lmstressresid2-1.pdf  used on input line 2494.
(pdftex.def)             Requested size: 469.75386pt x 325.2142pt.


[73]

[74 <./CT4H_notes_files/figure-latex/lmstressresid2-1.pdf>]

[75

]
Chapter 5.


[76

]

[77]

[78]

[79]
Chapter 6.


[80

]

[81]

[82]

[83]

[84]

[85]
<CT4H_notes_files/figure-latex/unnamed-chunk-26-1.pdf, id=989, 469.755pt x 325.215pt>
File: CT4H_notes_files/figure-latex/unnamed-chunk-26-1.pdf Graphic file (type pdf)
<use CT4H_notes_files/figure-latex/unnamed-chunk-26-1.pdf>
Package pdftex.def Info: CT4H_notes_files/figure-latex/unnamed-chunk-26-1.pdf  used on input line 2922.
(pdftex.def)             Requested size: 469.75386pt x 325.2142pt.


[86 <./CT4H_notes_files/figure-latex/unnamed-chunk-26-1.pdf>]
<CT4H_notes_files/figure-latex/unnamed-chunk-28-1.pdf, id=1001, 469.755pt x 252.945pt>
File: CT4H_notes_files/figure-latex/unnamed-chunk-28-1.pdf Graphic file (type pdf)
<use CT4H_notes_files/figure-latex/unnamed-chunk-28-1.pdf>
Package pdftex.def Info: CT4H_notes_files/figure-latex/unnamed-chunk-28-1.pdf  used on input line 2968.
(pdftex.def)             Requested size: 469.75386pt x 252.94438pt.


[87]

[88 <./CT4H_notes_files/figure-latex/unnamed-chunk-28-1.pdf>]
<CT4H_notes_files/figure-latex/newc1-1.pdf, id=1034, 469.755pt x 325.215pt>
File: CT4H_notes_files/figure-latex/newc1-1.pdf Graphic file (type pdf)
<use CT4H_notes_files/figure-latex/newc1-1.pdf>
Package pdftex.def Info: CT4H_notes_files/figure-latex/newc1-1.pdf  used on input line 3021.
(pdftex.def)             Requested size: 469.75386pt x 325.2142pt.


[89 <./CT4H_notes_files/figure-latex/newc1-1.pdf>]
<CT4H_notes_files/figure-latex/unnamed-chunk-32-1.pdf, id=1047, 469.755pt x 325.215pt>
File: CT4H_notes_files/figure-latex/unnamed-chunk-32-1.pdf Graphic file (type pdf)
<use CT4H_notes_files/figure-latex/unnamed-chunk-32-1.pdf>
Package pdftex.def Info: CT4H_notes_files/figure-latex/unnamed-chunk-32-1.pdf  used on input line 3048.
(pdftex.def)             Requested size: 469.75386pt x 325.2142pt.
<CT4H_notes_files/figure-latex/unnamed-chunk-35-1.pdf, id=1048, 469.755pt x 325.215pt>
File: CT4H_notes_files/figure-latex/unnamed-chunk-35-1.pdf Graphic file (type pdf)
<use CT4H_notes_files/figure-latex/unnamed-chunk-35-1.pdf>
Package pdftex.def Info: CT4H_notes_files/figure-latex/unnamed-chunk-35-1.pdf  used on input line 3070.
(pdftex.def)             Requested size: 469.75386pt x 325.2142pt.


[90 <./CT4H_notes_files/figure-latex/unnamed-chunk-32-1.pdf>]

[91 <./CT4H_notes_files/figure-latex/unnamed-chunk-35-1.pdf>]

[92]

[93]

[94]

[95]

[96]

[97]
Overfull \hbox (7.99359pt too wide) in paragraph at lines 3366--3366
[]\T1/lmtt/m/n/10 ##        id           site          age             risk        outcome                 rx[] 
 []


Overfull \hbox (23.74355pt too wide) in paragraph at lines 3366--3366
[]\T1/lmtt/m/n/10 ##  Min.   :1001   1_UM  :164   Min.   :19.00   Min.   :1.000   0_no :523   0_placebo     :307[] 
 []


Overfull \hbox (23.74355pt too wide) in paragraph at lines 3366--3366
[]\T1/lmtt/m/n/10 ##  1st Qu.:1152   2_IU  :413   1st Qu.:35.00   1st Qu.:1.500   1_yes: 79   1_indomethacin:295[] 
 []


LaTeX Font Warning: Font shape `T1/lmtt/bx/it' in size <10> not available
(Font)              Font shape `T1/lmtt/b/sl' tried instead on input line 3370.

LaTeX Font Info:    Trying to load font information for TS1+lmtt on input line 3373.
(/Users/rachelo/Library/TinyTeX/texmf-dist/tex/latex/lm/ts1lmtt.fd
File: ts1lmtt.fd 2015/05/01 v1.6.1 Font defs for Latin Modern
)

[98]
Overfull \hbox (2.7436pt too wide) in paragraph at lines 3458--3458
[]\T1/lmtt/m/n/10 ## glm(formula = outcome ~ I(age^2) + site + risk + rx, family = binomial(link = "logit"),[] 
 []



[99]

[100]

[101]

[102]

[103]
<CT4H_notes_files/figure-latex/rocgood-1.pdf, id=1162, 469.755pt x 325.215pt>
File: CT4H_notes_files/figure-latex/rocgood-1.pdf Graphic file (type pdf)
<use CT4H_notes_files/figure-latex/rocgood-1.pdf>
Package pdftex.def Info: CT4H_notes_files/figure-latex/rocgood-1.pdf  used on input line 3723.
(pdftex.def)             Requested size: 469.75386pt x 325.2142pt.
<CT4H_notes_files/figure-latex/rocpoor-1.pdf, id=1163, 469.755pt x 325.215pt>
File: CT4H_notes_files/figure-latex/rocpoor-1.pdf Graphic file (type pdf)
<use CT4H_notes_files/figure-latex/rocpoor-1.pdf>
Package pdftex.def Info: CT4H_notes_files/figure-latex/rocpoor-1.pdf  used on input line 3729.
(pdftex.def)             Requested size: 469.75386pt x 325.2142pt.


[104 <./CT4H_notes_files/figure-latex/rocgood-1.pdf>]

[105 <./CT4H_notes_files/figure-latex/rocpoor-1.pdf>]
<CT4H_notes_files/figure-latex/indoroc1-1.pdf, id=1195, 469.755pt x 325.215pt>
File: CT4H_notes_files/figure-latex/indoroc1-1.pdf Graphic file (type pdf)
<use CT4H_notes_files/figure-latex/indoroc1-1.pdf>
Package pdftex.def Info: CT4H_notes_files/figure-latex/indoroc1-1.pdf  used on input line 3764.
(pdftex.def)             Requested size: 469.75386pt x 325.2142pt.


[106 <./CT4H_notes_files/figure-latex/indoroc1-1.pdf>]
<CT4H_notes_files/figure-latex/unnamed-chunk-44-1.pdf, id=1208, 469.755pt x 325.215pt>
File: CT4H_notes_files/figure-latex/unnamed-chunk-44-1.pdf Graphic file (type pdf)
<use CT4H_notes_files/figure-latex/unnamed-chunk-44-1.pdf>
Package pdftex.def Info: CT4H_notes_files/figure-latex/unnamed-chunk-44-1.pdf  used on input line 3819.
(pdftex.def)             Requested size: 469.75386pt x 325.2142pt.


[107]

[108 <./CT4H_notes_files/figure-latex/unnamed-chunk-44-1.pdf>]

[109

]
Chapter 7.
<CT4H_notes_files/figure-latex/censor-1.pdf, id=1232, 469.755pt x 325.215pt>
File: CT4H_notes_files/figure-latex/censor-1.pdf Graphic file (type pdf)
<use CT4H_notes_files/figure-latex/censor-1.pdf>
Package pdftex.def Info: CT4H_notes_files/figure-latex/censor-1.pdf  used on input line 3846.
(pdftex.def)             Requested size: 469.75386pt x 325.2142pt.


[110

]

[111 <./CT4H_notes_files/figure-latex/censor-1.pdf>]
<images/survival_eg.png, id=1252, 1006.76125pt x 724.7075pt>
File: images/survival_eg.png Graphic file (type png)
<use images/survival_eg.png>
Package pdftex.def Info: images/survival_eg.png  used on input line 3888.
(pdftex.def)             Requested size: 903.58812pt x 650.43932pt.

Overfull \hbox (433.8331pt too wide) in paragraph at lines 3888--3888
[][] 
 []


LaTeX Warning: Float too large for page by 22.00931pt on input line 3889.



[112]

[113 <./images/survival_eg.png (PNG copy)>]

[114]

[115]
<CT4H_notes_files/figure-latex/kmov2-1.pdf, id=1293, 469.755pt x 325.215pt>
File: CT4H_notes_files/figure-latex/kmov2-1.pdf Graphic file (type pdf)
<use CT4H_notes_files/figure-latex/kmov2-1.pdf>
Package pdftex.def Info: CT4H_notes_files/figure-latex/kmov2-1.pdf  used on input line 4045.
(pdftex.def)             Requested size: 469.75386pt x 325.2142pt.
<CT4H_notes_files/figure-latex/ovarian-1.pdf, id=1296, 469.755pt x 325.215pt>
File: CT4H_notes_files/figure-latex/ovarian-1.pdf Graphic file (type pdf)
<use CT4H_notes_files/figure-latex/ovarian-1.pdf>
Package pdftex.def Info: CT4H_notes_files/figure-latex/ovarian-1.pdf  used on input line 4061.
(pdftex.def)             Requested size: 469.75386pt x 325.2142pt.
<CT4H_notes_files/figure-latex/myeloid-1.pdf, id=1302, 469.755pt x 325.215pt>
File: CT4H_notes_files/figure-latex/myeloid-1.pdf Graphic file (type pdf)
<use CT4H_notes_files/figure-latex/myeloid-1.pdf>
Package pdftex.def Info: CT4H_notes_files/figure-latex/myeloid-1.pdf  used on input line 4069.
(pdftex.def)             Requested size: 469.75386pt x 325.2142pt.


[116]

[117 <./CT4H_notes_files/figure-latex/kmov2-1.pdf>]

[118 <./CT4H_notes_files/figure-latex/ovarian-1.pdf>]

[119 <./CT4H_notes_files/figure-latex/myeloid-1.pdf>]

[120]
<CT4H_notes_files/figure-latex/ovplotlr-1.pdf, id=1361, 469.755pt x 325.215pt>
File: CT4H_notes_files/figure-latex/ovplotlr-1.pdf Graphic file (type pdf)
<use CT4H_notes_files/figure-latex/ovplotlr-1.pdf>
Package pdftex.def Info: CT4H_notes_files/figure-latex/ovplotlr-1.pdf  used on input line 4158.
(pdftex.def)             Requested size: 469.75386pt x 325.2142pt.

Underfull \hbox (badness 10000) in paragraph at lines 4158--4160
[][]
 []


Underfull \vbox (badness 10000) has occurred while \output is active []



[121]
<CT4H_notes_files/figure-latex/myplotlr-1.pdf, id=1369, 469.755pt x 325.215pt>
File: CT4H_notes_files/figure-latex/myplotlr-1.pdf Graphic file (type pdf)
<use CT4H_notes_files/figure-latex/myplotlr-1.pdf>
Package pdftex.def Info: CT4H_notes_files/figure-latex/myplotlr-1.pdf  used on input line 4163.
(pdftex.def)             Requested size: 469.75386pt x 325.2142pt.


[122 <./CT4H_notes_files/figure-latex/ovplotlr-1.pdf>]

[123 <./CT4H_notes_files/figure-latex/myplotlr-1.pdf>]
<CT4H_notes_files/figure-latex/weibmy-1.pdf, id=1397, 469.755pt x 325.215pt>
File: CT4H_notes_files/figure-latex/weibmy-1.pdf Graphic file (type pdf)
<use CT4H_notes_files/figure-latex/weibmy-1.pdf>
Package pdftex.def Info: CT4H_notes_files/figure-latex/weibmy-1.pdf  used on input line 4229.
(pdftex.def)             Requested size: 469.75386pt x 325.2142pt.


[124]

[125 <./CT4H_notes_files/figure-latex/weibmy-1.pdf>]

[126]
Chapter 8.


[127

]

[128]

[129]

[130]

[131]

[132]

[133]

[134]

[135]

[136]

[137]

[138]
<CT4H_notes_files/figure-latex/unnamed-chunk-63-1.pdf, id=1517, 469.755pt x 325.215pt>
File: CT4H_notes_files/figure-latex/unnamed-chunk-63-1.pdf Graphic file (type pdf)
<use CT4H_notes_files/figure-latex/unnamed-chunk-63-1.pdf>
Package pdftex.def Info: CT4H_notes_files/figure-latex/unnamed-chunk-63-1.pdf  used on input line 4918.
(pdftex.def)             Requested size: 469.75386pt x 325.2142pt.


[139]

[140 <./CT4H_notes_files/figure-latex/unnamed-chunk-63-1.pdf>]
<CT4H_notes_files/figure-latex/loglogov-1.pdf, id=1540, 469.755pt x 325.215pt>
File: CT4H_notes_files/figure-latex/loglogov-1.pdf Graphic file (type pdf)
<use CT4H_notes_files/figure-latex/loglogov-1.pdf>
Package pdftex.def Info: CT4H_notes_files/figure-latex/loglogov-1.pdf  used on input line 4953.
(pdftex.def)             Requested size: 469.75386pt x 325.2142pt.
<CT4H_notes_files/figure-latex/loglogmy-1.pdf, id=1543, 469.755pt x 325.215pt>
File: CT4H_notes_files/figure-latex/loglogmy-1.pdf Graphic file (type pdf)
<use CT4H_notes_files/figure-latex/loglogmy-1.pdf>
Package pdftex.def Info: CT4H_notes_files/figure-latex/loglogmy-1.pdf  used on input line 4963.
(pdftex.def)             Requested size: 469.75386pt x 325.2142pt.
<CT4H_notes_files/figure-latex/loglogmy2-1.pdf, id=1544, 469.755pt x 325.215pt>
File: CT4H_notes_files/figure-latex/loglogmy2-1.pdf Graphic file (type pdf)
<use CT4H_notes_files/figure-latex/loglogmy2-1.pdf>
Package pdftex.def Info: CT4H_notes_files/figure-latex/loglogmy2-1.pdf  used on input line 4969.
(pdftex.def)             Requested size: 469.75386pt x 325.2142pt.


[141 <./CT4H_notes_files/figure-latex/loglogov-1.pdf>]

[142 <./CT4H_notes_files/figure-latex/loglogmy-1.pdf>]

[143 <./CT4H_notes_files/figure-latex/loglogmy2-1.pdf>]
<CT4H_notes_files/figure-latex/loglogvet1-1.pdf, id=1579, 469.755pt x 325.215pt>
File: CT4H_notes_files/figure-latex/loglogvet1-1.pdf Graphic file (type pdf)
<use CT4H_notes_files/figure-latex/loglogvet1-1.pdf>
Package pdftex.def Info: CT4H_notes_files/figure-latex/loglogvet1-1.pdf  used on input line 4986.
(pdftex.def)             Requested size: 469.75386pt x 325.2142pt.


[144 <./CT4H_notes_files/figure-latex/loglogvet1-1.pdf>]
<CT4H_notes_files/figure-latex/vetschoen-1.pdf, id=1590, 469.755pt x 325.215pt>
File: CT4H_notes_files/figure-latex/vetschoen-1.pdf Graphic file (type pdf)
<use CT4H_notes_files/figure-latex/vetschoen-1.pdf>
Package pdftex.def Info: CT4H_notes_files/figure-latex/vetschoen-1.pdf  used on input line 5038.
(pdftex.def)             Requested size: 469.75386pt x 325.2142pt.


[145 <./CT4H_notes_files/figure-latex/vetschoen-1.pdf>]

[146

]
Chapter 9.


[147

]
<CT4H_notes_files/figure-latex/cheesedata-1.pdf, id=1612, 469.755pt x 325.215pt>
File: CT4H_notes_files/figure-latex/cheesedata-1.pdf Graphic file (type pdf)
<use CT4H_notes_files/figure-latex/cheesedata-1.pdf>
Package pdftex.def Info: CT4H_notes_files/figure-latex/cheesedata-1.pdf  used on input line 5097.
(pdftex.def)             Requested size: 469.75386pt x 325.2142pt.


[148]

[149 <./CT4H_notes_files/figure-latex/cheesedata-1.pdf>]

[150]

[151]
<images/Screenshot_shiny.png, id=1646, 1442.38875pt x 810.02625pt>
File: images/Screenshot_shiny.png Graphic file (type png)
<use images/Screenshot_shiny.png>
Package pdftex.def Info: images/Screenshot_shiny.png  used on input line 5272.
(pdftex.def)             Requested size: 1158.22636pt x 650.44443pt.

Overfull \hbox (688.47134pt too wide) in paragraph at lines 5272--5273
[][] 
 []



[152]

[153 <./images/Screenshot_shiny.png>]

[154]
<CT4H_notes_files/figure-latex/crtboxplots-1.pdf, id=1673, 469.755pt x 325.215pt>
File: CT4H_notes_files/figure-latex/crtboxplots-1.pdf Graphic file (type pdf)
<use CT4H_notes_files/figure-latex/crtboxplots-1.pdf>
Package pdftex.def Info: CT4H_notes_files/figure-latex/crtboxplots-1.pdf  used on input line 5332.
(pdftex.def)             Requested size: 469.75386pt x 325.2142pt.


[155 <./CT4H_notes_files/figure-latex/crtboxplots-1.pdf>]
<CT4H_notes_files/figure-latex/crt1bp-1.pdf, id=1688, 469.755pt x 144.54pt>
File: CT4H_notes_files/figure-latex/crt1bp-1.pdf Graphic file (type pdf)
<use CT4H_notes_files/figure-latex/crt1bp-1.pdf>
Package pdftex.def Info: CT4H_notes_files/figure-latex/crt1bp-1.pdf  used on input line 5390.
(pdftex.def)             Requested size: 469.75386pt x 144.53963pt.


[156]
Overfull \hbox (7.99359pt too wide) in paragraph at lines 5420--5420
[]\T1/lmtt/m/n/10 ## data:  crt_summ$MeanDiff[crt_summ$Group == 0] and crt_summ$MeanDiff[crt_summ$Group == 1][] 
 []



[157 <./CT4H_notes_files/figure-latex/crt1bp-1.pdf>]

[158]
<CT4H_notes_files/figure-latex/eefplot2-1.pdf, id=1722, 469.755pt x 325.215pt>
File: CT4H_notes_files/figure-latex/eefplot2-1.pdf Graphic file (type pdf)
<use CT4H_notes_files/figure-latex/eefplot2-1.pdf>
Package pdftex.def Info: CT4H_notes_files/figure-latex/eefplot2-1.pdf  used on input line 5493.
(pdftex.def)             Requested size: 469.75386pt x 325.2142pt.


[159 <./CT4H_notes_files/figure-latex/eefplot2-1.pdf>]
<CT4H_notes_files/figure-latex/lmerplot1-1.pdf, id=1736, 469.755pt x 100.375pt>
File: CT4H_notes_files/figure-latex/lmerplot1-1.pdf Graphic file (type pdf)
<use CT4H_notes_files/figure-latex/lmerplot1-1.pdf>
Package pdftex.def Info: CT4H_notes_files/figure-latex/lmerplot1-1.pdf  used on input line 5549.
(pdftex.def)             Requested size: 469.75386pt x 100.37474pt.
<images/raneffmodels.png, id=1738, 1083.04625pt x 740.7675pt>
File: images/raneffmodels.png Graphic file (type png)
<use images/raneffmodels.png>
Package pdftex.def Info: images/raneffmodels.png  used on input line 5559.
(pdftex.def)             Requested size: 950.98486pt x 650.44191pt.

Overfull \hbox (481.22984pt too wide) in paragraph at lines 5559--5559
[][] 
 []


LaTeX Warning: Float too large for page by 22.0119pt on input line 5560.



[160 <./CT4H_notes_files/figure-latex/lmerplot1-1.pdf>]

[161 <./images/raneffmodels.png>]

[162]
Chapter 10.


[163

]

[164]

[165]

[166]
<CT4H_notes_files/figure-latex/epispag-1.pdf, id=1788, 469.755pt x 325.215pt>
File: CT4H_notes_files/figure-latex/epispag-1.pdf Graphic file (type pdf)
<use CT4H_notes_files/figure-latex/epispag-1.pdf>
Package pdftex.def Info: CT4H_notes_files/figure-latex/epispag-1.pdf  used on input line 5843.
(pdftex.def)             Requested size: 469.75386pt x 325.2142pt.
<CT4H_notes_files/figure-latex/epimeans-1.pdf, id=1790, 469.755pt x 325.215pt>
File: CT4H_notes_files/figure-latex/epimeans-1.pdf Graphic file (type pdf)
<use CT4H_notes_files/figure-latex/epimeans-1.pdf>
Package pdftex.def Info: CT4H_notes_files/figure-latex/epimeans-1.pdf  used on input line 5851.
(pdftex.def)             Requested size: 469.75386pt x 325.2142pt.
<CT4H_notes_files/figure-latex/standepi-1.pdf, id=1792, 469.755pt x 325.215pt>
File: CT4H_notes_files/figure-latex/standepi-1.pdf Graphic file (type pdf)
<use CT4H_notes_files/figure-latex/standepi-1.pdf>
Package pdftex.def Info: CT4H_notes_files/figure-latex/standepi-1.pdf  used on input line 5863.
(pdftex.def)             Requested size: 469.75386pt x 325.2142pt.


[167]

[168 <./CT4H_notes_files/figure-latex/epispag-1.pdf>]

[169 <./CT4H_notes_files/figure-latex/epimeans-1.pdf>]

[170 <./CT4H_notes_files/figure-latex/standepi-1.pdf>]

[171]
<CT4H_notes_files/figure-latex/unnamed-chunk-73-1.pdf, id=1844, 469.755pt x 115.43124pt>
File: CT4H_notes_files/figure-latex/unnamed-chunk-73-1.pdf Graphic file (type pdf)
<use CT4H_notes_files/figure-latex/unnamed-chunk-73-1.pdf>
Package pdftex.def Info: CT4H_notes_files/figure-latex/unnamed-chunk-73-1.pdf  used on input line 5982.
(pdftex.def)             Requested size: 469.75386pt x 115.43095pt.


[172]

[173 <./CT4H_notes_files/figure-latex/unnamed-chunk-73-1.pdf>]
<CT4H_notes_files/figure-latex/unnamed-chunk-74-1.pdf, id=1862, 469.755pt x 115.43124pt>
File: CT4H_notes_files/figure-latex/unnamed-chunk-74-1.pdf Graphic file (type pdf)
<use CT4H_notes_files/figure-latex/unnamed-chunk-74-1.pdf>
Package pdftex.def Info: CT4H_notes_files/figure-latex/unnamed-chunk-74-1.pdf  used on input line 6050.
(pdftex.def)             Requested size: 469.75386pt x 115.43095pt.


[174 <./CT4H_notes_files/figure-latex/unnamed-chunk-74-1.pdf>]
Chapter 11.


[175

]
<images/bayesian_ranges.png, id=1891, 616.3025pt x 427.5975pt>
File: images/bayesian_ranges.png Graphic file (type png)
<use images/bayesian_ranges.png>
Package pdftex.def Info: images/bayesian_ranges.png  used on input line 6140.
(pdftex.def)             Requested size: 616.301pt x 427.59645pt.

Overfull \hbox (146.54597pt too wide) in paragraph at lines 6140--6140
[][] 
 []



[176]

[177 <./images/bayesian_ranges.png>]

[178]

[179]
<CT4H_notes_files/figure-latex/betafinal-1.pdf, id=1920, 469.755pt x 325.215pt>
File: CT4H_notes_files/figure-latex/betafinal-1.pdf Graphic file (type pdf)
<use CT4H_notes_files/figure-latex/betafinal-1.pdf>
Package pdftex.def Info: CT4H_notes_files/figure-latex/betafinal-1.pdf  used on input line 6326.
(pdftex.def)             Requested size: 469.75386pt x 325.2142pt.
<CT4H_notes_files/figure-latex/betaplots-1.pdf, id=1922, 469.755pt x 325.215pt>
File: CT4H_notes_files/figure-latex/betaplots-1.pdf Graphic file (type pdf)
<use CT4H_notes_files/figure-latex/betaplots-1.pdf>
Package pdftex.def Info: CT4H_notes_files/figure-latex/betaplots-1.pdf  used on input line 6334.
(pdftex.def)             Requested size: 469.75386pt x 325.2142pt.
<CT4H_notes_files/figure-latex/betaplotmega-1.pdf, id=1924, 469.755pt x 144.54pt>
File: CT4H_notes_files/figure-latex/betaplotmega-1.pdf Graphic file (type pdf)
<use CT4H_notes_files/figure-latex/betaplotmega-1.pdf>
Package pdftex.def Info: CT4H_notes_files/figure-latex/betaplotmega-1.pdf  used on input line 6342.
(pdftex.def)             Requested size: 469.75386pt x 144.53963pt.


[180 <./CT4H_notes_files/figure-latex/betafinal-1.pdf>]

[181 <./CT4H_notes_files/figure-latex/betaplots-1.pdf> <./CT4H_notes_files/figure-latex/betaplotmega-1.pdf>]
<images/spieg_elicit.png, id=1962, 731.73375pt x 347.2975pt>
File: images/spieg_elicit.png Graphic file (type png)
<use images/spieg_elicit.png>
Package pdftex.def Info: images/spieg_elicit.png  used on input line 6373.
(pdftex.def)             Requested size: 731.75429pt x 347.30724pt.

Overfull \hbox (261.99927pt too wide) in paragraph at lines 6373--6373
[][] 
 []



[182]

[183 <./images/spieg_elicit.png>]

[184]
<CT4H_notes_files/figure-latex/simplebayes-1.pdf, id=1997, 469.755pt x 325.215pt>
File: CT4H_notes_files/figure-latex/simplebayes-1.pdf Graphic file (type pdf)
<use CT4H_notes_files/figure-latex/simplebayes-1.pdf>
Package pdftex.def Info: CT4H_notes_files/figure-latex/simplebayes-1.pdf  used on input line 6434.
(pdftex.def)             Requested size: 469.75386pt x 325.2142pt.
<images/smartwater.png, id=1998, 637.38126pt x 591.20876pt>
File: images/smartwater.png Graphic file (type png)
<use images/smartwater.png>
Package pdftex.def Info: images/smartwater.png  used on input line 6460.
(pdftex.def)             Requested size: 637.39914pt x 591.22534pt.

Overfull \hbox (167.64412pt too wide) in paragraph at lines 6460--6461
[][] 
 []


Underfull \vbox (badness 1728) has occurred while \output is active []



[185]

[186 <./CT4H_notes_files/figure-latex/simplebayes-1.pdf>]
Underfull \vbox (badness 10000) has occurred while \output is active []



[187 <./images/smartwater.png>]
<images/copmodel.png, id=2026, 474.77374pt x 665.48625pt>
File: images/copmodel.png Graphic file (type png)
<use images/copmodel.png>
Package pdftex.def Info: images/copmodel.png  used on input line 6509.
(pdftex.def)             Requested size: 281.86723pt x 395.09087pt.


[188]

[189 <./images/copmodel.png>]
<images/stan_np8000.pdf, id=2041, 361.35pt x 289.08pt>
File: images/stan_np8000.pdf Graphic file (type pdf)
<use images/stan_np8000.pdf>
Package pdftex.def Info: images/stan_np8000.pdf  used on input line 6534.
(pdftex.def)             Requested size: 361.36566pt x 289.09251pt.
<images/ggpostparam800.png, id=2043, 481.8pt x 481.8pt>
File: images/ggpostparam800.png Graphic file (type png)
<use images/ggpostparam800.png>
Package pdftex.def Info: images/ggpostparam800.png  used on input line 6543.
(pdftex.def)             Requested size: 481.8135pt x 481.8135pt.

Overfull \hbox (12.05849pt too wide) in paragraph at lines 6543--6543
[][] 
 []

<images/ggpost800.pdf, id=2045, 867.24pt x 433.62pt>
File: images/ggpost800.pdf Graphic file (type pdf)
<use images/ggpost800.pdf>
Package pdftex.def Info: images/ggpost800.pdf  used on input line 6550.
(pdftex.def)             Requested size: 469.75827pt x 234.87912pt.


[190 <./images/stan_np8000.pdf>]

[191 <./images/ggpostparam800.png>]
<images/ggpostparam800_55.png, id=2066, 481.8pt x 481.8pt>
File: images/ggpostparam800_55.png Graphic file (type png)
<use images/ggpostparam800_55.png>
Package pdftex.def Info: images/ggpostparam800_55.png  used on input line 6560.
(pdftex.def)             Requested size: 481.8135pt x 481.8135pt.

Overfull \hbox (12.05849pt too wide) in paragraph at lines 6560--6560
[][] 
 []

<images/ggpost800_55.png, id=2067, 963.6pt x 481.8pt>
File: images/ggpost800_55.png Graphic file (type png)
<use images/ggpost800_55.png>
Package pdftex.def Info: images/ggpost800_55.png  used on input line 6564.
(pdftex.def)             Requested size: 469.75679pt x 234.87839pt.


[192 <./images/ggpost800.pdf>]

[193 <./images/ggpostparam800_55.png>]

[194 <./images/ggpost800_55.png>] (./CT4H_notes.bbl

[195

]

[196

]

[197])

[198] (./CT4H_notes.aux)
 ***********
LaTeX2e <2024-11-01> patch level 2
L3 programming layer <2025-01-18>
 ***********
 ) 
Here is how much of TeX's memory you used:
 15834 strings out of 475172
 268619 string characters out of 5765093
 666002 words of memory out of 5000000
 37950 multiletter control sequences out of 15000+600000
 663652 words of font info for 110 fonts, out of 8000000 for 9000
 14 hyphenation exceptions out of 8191
 75i,19n,79p,1526b,723s stack positions out of 10000i,1000n,20000p,200000b,200000s
</Users/rachelo/Library/TinyTeX/texmf-dist/fonts/type1/public/lm/lmbx10.pfb></Users/rachelo/Library/TinyTeX/texmf-dist/fonts/type1/public/lm/lmbx12.pfb></Users/rachelo/Library/TinyTeX/texmf-dist/fonts/type1/public/lm/lmex10.pfb></Users/rachelo/Library/TinyTeX/texmf-dist/fonts/type1/public/lm/lmmi10.pfb></Users/rachelo/Library/TinyTeX/texmf-dist/fonts/type1/public/lm/lmmi12.pfb></Users/rachelo/Library/TinyTeX/texmf-dist/fonts/type1/public/lm/lmmi5.pfb></Users/rachelo/Library/TinyTeX/texmf-dist/fonts/type1/public/lm/lmmi7.pfb></Users/rachelo/Library/TinyTeX/texmf-dist/fonts/type1/public/lm/lmmi8.pfb></Users/rachelo/Library/TinyTeX/texmf-dist/fonts/type1/public/lm/lmmib10.pfb></Users/rachelo/Library/TinyTeX/texmf-dist/fonts/type1/public/lm/lmmib7.pfb></Users/rachelo/Library/TinyTeX/texmf-dist/fonts/type1/public/lm/lmr10.pfb></Users/rachelo/Library/TinyTeX/texmf-dist/fonts/type1/public/lm/lmr12.pfb></Users/rachelo/Library/TinyTeX/texmf-dist/fonts/type1/public/lm/lmr17.pfb></Users/rachelo/Library/TinyTeX/texmf-dist/fonts/type1/public/lm/lmr5.pfb></Users/rachelo/Library/TinyTeX/texmf-dist/fonts/type1/public/lm/lmr7.pfb></Users/rachelo/Library/TinyTeX/texmf-dist/fonts/type1/public/lm/lmri10.pfb></Users/rachelo/Library/TinyTeX/texmf-dist/fonts/type1/public/lm/lmri8.pfb></Users/rachelo/Library/TinyTeX/texmf-dist/fonts/type1/public/lm/lmro10.pfb></Users/rachelo/Library/TinyTeX/texmf-dist/fonts/type1/public/lm/lmsy10.pfb></Users/rachelo/Library/TinyTeX/texmf-dist/fonts/type1/public/lm/lmsy7.pfb></Users/rachelo/Library/TinyTeX/texmf-dist/fonts/type1/public/lm/lmtk10.pfb></Users/rachelo/Library/TinyTeX/texmf-dist/fonts/type1/public/lm/lmtko10.pfb></Users/rachelo/Library/TinyTeX/texmf-dist/fonts/type1/public/lm/lmtt10.pfb></Users/rachelo/Library/TinyTeX/texmf-dist/fonts/type1/public/lm/lmtt8.pfb></Users/rachelo/Library/TinyTeX/texmf-dist/fonts/type1/public/lm/lmtti10.pfb></Users/rachelo/Library/TinyTeX/texmf-dist/fonts/type1/public/amsfonts/symbols/msbm10.pfb>
Output written on CT4H_notes.pdf (198 pages, 4082088 bytes).
PDF statistics:
 2546 PDF objects out of 2984 (max. 8388607)
 2123 compressed objects within 22 object streams
 627 named destinations out of 1000 (max. 500000)
 825 words of extra memory for PDF output out of 10000 (max. 10000000)

